[2024-07-03T12:10:18.482+0200] {processor.py:161} INFO - Started process (PID=9523) to work on /usr/local/lib/python3.10/dist-packages/airflow/example_dags/example_dynamic_task_mapping_with_no_taskflow_operators.py
[2024-07-03T12:10:18.483+0200] {processor.py:830} INFO - Processing file /usr/local/lib/python3.10/dist-packages/airflow/example_dags/example_dynamic_task_mapping_with_no_taskflow_operators.py for tasks to queue
[2024-07-03T12:10:18.487+0200] {logging_mixin.py:188} INFO - [2024-07-03T12:10:18.487+0200] {dagbag.py:545} INFO - Filling up the DagBag from /usr/local/lib/python3.10/dist-packages/airflow/example_dags/example_dynamic_task_mapping_with_no_taskflow_operators.py
[2024-07-03T12:10:18.499+0200] {processor.py:840} INFO - DAG(s) 'example_dynamic_task_mapping_with_no_taskflow_operators' retrieved from /usr/local/lib/python3.10/dist-packages/airflow/example_dags/example_dynamic_task_mapping_with_no_taskflow_operators.py
[2024-07-03T12:10:18.757+0200] {logging_mixin.py:188} INFO - [2024-07-03T12:10:18.756+0200] {override.py:1847} INFO - Created Permission View: can edit on DAG:example_dynamic_task_mapping_with_no_taskflow_operators
[2024-07-03T12:10:18.881+0200] {logging_mixin.py:188} INFO - [2024-07-03T12:10:18.880+0200] {override.py:1847} INFO - Created Permission View: can delete on DAG:example_dynamic_task_mapping_with_no_taskflow_operators
[2024-07-03T12:10:19.017+0200] {logging_mixin.py:188} INFO - [2024-07-03T12:10:19.016+0200] {override.py:1847} INFO - Created Permission View: can read on DAG:example_dynamic_task_mapping_with_no_taskflow_operators
[2024-07-03T12:10:19.018+0200] {logging_mixin.py:188} INFO - [2024-07-03T12:10:19.018+0200] {dag.py:3096} INFO - Sync 1 DAGs
[2024-07-03T12:10:19.062+0200] {logging_mixin.py:188} INFO - [2024-07-03T12:10:19.061+0200] {dag.py:3118} INFO - Creating ORM DAG for example_dynamic_task_mapping_with_no_taskflow_operators
[2024-07-03T12:10:19.088+0200] {logging_mixin.py:188} INFO - [2024-07-03T12:10:19.087+0200] {dag.py:3954} INFO - Setting next_dagrun for example_dynamic_task_mapping_with_no_taskflow_operators to 2024-07-02 00:00:00+00:00, run_after=2024-07-03 00:00:00+00:00
[2024-07-03T12:10:19.221+0200] {processor.py:183} INFO - Processing /usr/local/lib/python3.10/dist-packages/airflow/example_dags/example_dynamic_task_mapping_with_no_taskflow_operators.py took 0.748 seconds
[2024-07-03T12:11:43.775+0200] {processor.py:161} INFO - Started process (PID=9577) to work on /usr/local/lib/python3.10/dist-packages/airflow/example_dags/example_dynamic_task_mapping_with_no_taskflow_operators.py
[2024-07-03T12:11:43.777+0200] {processor.py:830} INFO - Processing file /usr/local/lib/python3.10/dist-packages/airflow/example_dags/example_dynamic_task_mapping_with_no_taskflow_operators.py for tasks to queue
[2024-07-03T12:11:43.779+0200] {logging_mixin.py:188} INFO - [2024-07-03T12:11:43.779+0200] {dagbag.py:545} INFO - Filling up the DagBag from /usr/local/lib/python3.10/dist-packages/airflow/example_dags/example_dynamic_task_mapping_with_no_taskflow_operators.py
[2024-07-03T12:11:43.788+0200] {processor.py:840} INFO - DAG(s) 'example_dynamic_task_mapping_with_no_taskflow_operators' retrieved from /usr/local/lib/python3.10/dist-packages/airflow/example_dags/example_dynamic_task_mapping_with_no_taskflow_operators.py
[2024-07-03T12:11:43.833+0200] {logging_mixin.py:188} INFO - [2024-07-03T12:11:43.833+0200] {dag.py:3096} INFO - Sync 1 DAGs
[2024-07-03T12:11:43.864+0200] {logging_mixin.py:188} INFO - [2024-07-03T12:11:43.864+0200] {dag.py:3954} INFO - Setting next_dagrun for example_dynamic_task_mapping_with_no_taskflow_operators to 2024-07-02 00:00:00+00:00, run_after=2024-07-03 00:00:00+00:00
[2024-07-03T12:11:43.974+0200] {processor.py:183} INFO - Processing /usr/local/lib/python3.10/dist-packages/airflow/example_dags/example_dynamic_task_mapping_with_no_taskflow_operators.py took 0.205 seconds
[2024-07-03T12:12:27.323+0200] {processor.py:161} INFO - Started process (PID=9616) to work on /usr/local/lib/python3.10/dist-packages/airflow/example_dags/example_dynamic_task_mapping_with_no_taskflow_operators.py
[2024-07-03T12:12:27.325+0200] {processor.py:830} INFO - Processing file /usr/local/lib/python3.10/dist-packages/airflow/example_dags/example_dynamic_task_mapping_with_no_taskflow_operators.py for tasks to queue
[2024-07-03T12:12:27.327+0200] {logging_mixin.py:188} INFO - [2024-07-03T12:12:27.327+0200] {dagbag.py:545} INFO - Filling up the DagBag from /usr/local/lib/python3.10/dist-packages/airflow/example_dags/example_dynamic_task_mapping_with_no_taskflow_operators.py
[2024-07-03T12:12:27.338+0200] {processor.py:840} INFO - DAG(s) 'example_dynamic_task_mapping_with_no_taskflow_operators' retrieved from /usr/local/lib/python3.10/dist-packages/airflow/example_dags/example_dynamic_task_mapping_with_no_taskflow_operators.py
[2024-07-03T12:12:27.391+0200] {logging_mixin.py:188} INFO - [2024-07-03T12:12:27.390+0200] {dag.py:3096} INFO - Sync 1 DAGs
[2024-07-03T12:12:27.533+0200] {logging_mixin.py:188} INFO - [2024-07-03T12:12:27.533+0200] {dag.py:3954} INFO - Setting next_dagrun for example_dynamic_task_mapping_with_no_taskflow_operators to 2024-07-02 00:00:00+00:00, run_after=2024-07-03 00:00:00+00:00
[2024-07-03T12:12:27.669+0200] {processor.py:183} INFO - Processing /usr/local/lib/python3.10/dist-packages/airflow/example_dags/example_dynamic_task_mapping_with_no_taskflow_operators.py took 0.354 seconds
[2024-07-03T12:13:48.856+0200] {processor.py:161} INFO - Started process (PID=9753) to work on /usr/local/lib/python3.10/dist-packages/airflow/example_dags/example_dynamic_task_mapping_with_no_taskflow_operators.py
[2024-07-03T12:13:48.858+0200] {processor.py:830} INFO - Processing file /usr/local/lib/python3.10/dist-packages/airflow/example_dags/example_dynamic_task_mapping_with_no_taskflow_operators.py for tasks to queue
[2024-07-03T12:13:48.861+0200] {logging_mixin.py:188} INFO - [2024-07-03T12:13:48.860+0200] {dagbag.py:545} INFO - Filling up the DagBag from /usr/local/lib/python3.10/dist-packages/airflow/example_dags/example_dynamic_task_mapping_with_no_taskflow_operators.py
[2024-07-03T12:13:48.871+0200] {processor.py:840} INFO - DAG(s) 'example_dynamic_task_mapping_with_no_taskflow_operators' retrieved from /usr/local/lib/python3.10/dist-packages/airflow/example_dags/example_dynamic_task_mapping_with_no_taskflow_operators.py
[2024-07-03T12:13:48.904+0200] {logging_mixin.py:188} INFO - [2024-07-03T12:13:48.904+0200] {dag.py:3096} INFO - Sync 1 DAGs
[2024-07-03T12:13:48.930+0200] {logging_mixin.py:188} INFO - [2024-07-03T12:13:48.930+0200] {dag.py:3954} INFO - Setting next_dagrun for example_dynamic_task_mapping_with_no_taskflow_operators to 2024-07-02 00:00:00+00:00, run_after=2024-07-03 00:00:00+00:00
[2024-07-03T12:13:48.993+0200] {processor.py:183} INFO - Processing /usr/local/lib/python3.10/dist-packages/airflow/example_dags/example_dynamic_task_mapping_with_no_taskflow_operators.py took 0.150 seconds
[2024-07-03T12:15:02.097+0200] {processor.py:161} INFO - Started process (PID=9885) to work on /usr/local/lib/python3.10/dist-packages/airflow/example_dags/example_dynamic_task_mapping_with_no_taskflow_operators.py
[2024-07-03T12:15:02.099+0200] {processor.py:830} INFO - Processing file /usr/local/lib/python3.10/dist-packages/airflow/example_dags/example_dynamic_task_mapping_with_no_taskflow_operators.py for tasks to queue
[2024-07-03T12:15:02.100+0200] {logging_mixin.py:188} INFO - [2024-07-03T12:15:02.100+0200] {dagbag.py:545} INFO - Filling up the DagBag from /usr/local/lib/python3.10/dist-packages/airflow/example_dags/example_dynamic_task_mapping_with_no_taskflow_operators.py
[2024-07-03T12:15:02.107+0200] {processor.py:840} INFO - DAG(s) 'example_dynamic_task_mapping_with_no_taskflow_operators' retrieved from /usr/local/lib/python3.10/dist-packages/airflow/example_dags/example_dynamic_task_mapping_with_no_taskflow_operators.py
[2024-07-03T12:15:02.131+0200] {logging_mixin.py:188} INFO - [2024-07-03T12:15:02.131+0200] {dag.py:3096} INFO - Sync 1 DAGs
[2024-07-03T12:15:02.165+0200] {logging_mixin.py:188} INFO - [2024-07-03T12:15:02.164+0200] {dag.py:3954} INFO - Setting next_dagrun for example_dynamic_task_mapping_with_no_taskflow_operators to 2024-07-02 00:00:00+00:00, run_after=2024-07-03 00:00:00+00:00
[2024-07-03T12:15:02.247+0200] {processor.py:183} INFO - Processing /usr/local/lib/python3.10/dist-packages/airflow/example_dags/example_dynamic_task_mapping_with_no_taskflow_operators.py took 0.156 seconds
