[2024-07-03T12:11:27.244+0200] {processor.py:161} INFO - Started process (PID=9562) to work on /usr/local/lib/python3.10/dist-packages/airflow/example_dags/example_task_group_decorator.py
[2024-07-03T12:11:27.246+0200] {processor.py:830} INFO - Processing file /usr/local/lib/python3.10/dist-packages/airflow/example_dags/example_task_group_decorator.py for tasks to queue
[2024-07-03T12:11:27.248+0200] {logging_mixin.py:188} INFO - [2024-07-03T12:11:27.247+0200] {dagbag.py:545} INFO - Filling up the DagBag from /usr/local/lib/python3.10/dist-packages/airflow/example_dags/example_task_group_decorator.py
[2024-07-03T12:11:27.272+0200] {processor.py:840} INFO - DAG(s) 'example_task_group_decorator' retrieved from /usr/local/lib/python3.10/dist-packages/airflow/example_dags/example_task_group_decorator.py
[2024-07-03T12:11:27.591+0200] {logging_mixin.py:188} INFO - [2024-07-03T12:11:27.590+0200] {override.py:1847} INFO - Created Permission View: can edit on DAG:example_task_group_decorator
[2024-07-03T12:11:27.653+0200] {logging_mixin.py:188} INFO - [2024-07-03T12:11:27.652+0200] {override.py:1847} INFO - Created Permission View: can delete on DAG:example_task_group_decorator
[2024-07-03T12:11:27.705+0200] {logging_mixin.py:188} INFO - [2024-07-03T12:11:27.704+0200] {override.py:1847} INFO - Created Permission View: can read on DAG:example_task_group_decorator
[2024-07-03T12:11:27.706+0200] {logging_mixin.py:188} INFO - [2024-07-03T12:11:27.706+0200] {dag.py:3096} INFO - Sync 1 DAGs
[2024-07-03T12:11:27.733+0200] {logging_mixin.py:188} INFO - [2024-07-03T12:11:27.732+0200] {dag.py:3118} INFO - Creating ORM DAG for example_task_group_decorator
[2024-07-03T12:11:27.748+0200] {logging_mixin.py:188} INFO - [2024-07-03T12:11:27.748+0200] {dag.py:3954} INFO - Setting next_dagrun for example_task_group_decorator to 2024-07-02 00:00:00+00:00, run_after=2024-07-03 00:00:00+00:00
[2024-07-03T12:11:27.867+0200] {processor.py:183} INFO - Processing /usr/local/lib/python3.10/dist-packages/airflow/example_dags/example_task_group_decorator.py took 0.629 seconds
[2024-07-03T12:12:49.117+0200] {processor.py:161} INFO - Started process (PID=9656) to work on /usr/local/lib/python3.10/dist-packages/airflow/example_dags/example_task_group_decorator.py
[2024-07-03T12:12:49.119+0200] {processor.py:830} INFO - Processing file /usr/local/lib/python3.10/dist-packages/airflow/example_dags/example_task_group_decorator.py for tasks to queue
[2024-07-03T12:12:49.121+0200] {logging_mixin.py:188} INFO - [2024-07-03T12:12:49.121+0200] {dagbag.py:545} INFO - Filling up the DagBag from /usr/local/lib/python3.10/dist-packages/airflow/example_dags/example_task_group_decorator.py
[2024-07-03T12:12:49.134+0200] {processor.py:840} INFO - DAG(s) 'example_task_group_decorator' retrieved from /usr/local/lib/python3.10/dist-packages/airflow/example_dags/example_task_group_decorator.py
[2024-07-03T12:12:49.178+0200] {logging_mixin.py:188} INFO - [2024-07-03T12:12:49.178+0200] {dag.py:3096} INFO - Sync 1 DAGs
[2024-07-03T12:12:49.307+0200] {logging_mixin.py:188} INFO - [2024-07-03T12:12:49.307+0200] {dag.py:3954} INFO - Setting next_dagrun for example_task_group_decorator to 2024-07-02 00:00:00+00:00, run_after=2024-07-03 00:00:00+00:00
[2024-07-03T12:12:49.446+0200] {processor.py:183} INFO - Processing /usr/local/lib/python3.10/dist-packages/airflow/example_dags/example_task_group_decorator.py took 0.335 seconds
[2024-07-03T12:14:13.256+0200] {processor.py:161} INFO - Started process (PID=9795) to work on /usr/local/lib/python3.10/dist-packages/airflow/example_dags/example_task_group_decorator.py
[2024-07-03T12:14:13.258+0200] {processor.py:830} INFO - Processing file /usr/local/lib/python3.10/dist-packages/airflow/example_dags/example_task_group_decorator.py for tasks to queue
[2024-07-03T12:14:13.261+0200] {logging_mixin.py:188} INFO - [2024-07-03T12:14:13.261+0200] {dagbag.py:545} INFO - Filling up the DagBag from /usr/local/lib/python3.10/dist-packages/airflow/example_dags/example_task_group_decorator.py
[2024-07-03T12:14:13.283+0200] {processor.py:840} INFO - DAG(s) 'example_task_group_decorator' retrieved from /usr/local/lib/python3.10/dist-packages/airflow/example_dags/example_task_group_decorator.py
[2024-07-03T12:14:13.357+0200] {logging_mixin.py:188} INFO - [2024-07-03T12:14:13.357+0200] {dag.py:3096} INFO - Sync 1 DAGs
[2024-07-03T12:14:13.412+0200] {logging_mixin.py:188} INFO - [2024-07-03T12:14:13.412+0200] {dag.py:3954} INFO - Setting next_dagrun for example_task_group_decorator to 2024-07-02 00:00:00+00:00, run_after=2024-07-03 00:00:00+00:00
[2024-07-03T12:14:13.581+0200] {processor.py:183} INFO - Processing /usr/local/lib/python3.10/dist-packages/airflow/example_dags/example_task_group_decorator.py took 0.338 seconds
