[2024-07-03T12:10:22.026+0200] {processor.py:161} INFO - Started process (PID=9525) to work on /usr/local/lib/python3.10/dist-packages/airflow/example_dags/example_branch_datetime_operator.py
[2024-07-03T12:10:22.028+0200] {processor.py:830} INFO - Processing file /usr/local/lib/python3.10/dist-packages/airflow/example_dags/example_branch_datetime_operator.py for tasks to queue
[2024-07-03T12:10:22.029+0200] {logging_mixin.py:188} INFO - [2024-07-03T12:10:22.029+0200] {dagbag.py:545} INFO - Filling up the DagBag from /usr/local/lib/python3.10/dist-packages/airflow/example_dags/example_branch_datetime_operator.py
[2024-07-03T12:10:22.044+0200] {processor.py:840} INFO - DAG(s) 'example_branch_datetime_operator_2', 'example_branch_datetime_operator', 'example_branch_datetime_operator_3' retrieved from /usr/local/lib/python3.10/dist-packages/airflow/example_dags/example_branch_datetime_operator.py
[2024-07-03T12:10:22.205+0200] {logging_mixin.py:188} INFO - [2024-07-03T12:10:22.204+0200] {override.py:1847} INFO - Created Permission View: can edit on DAG:example_branch_datetime_operator_2
[2024-07-03T12:10:22.275+0200] {logging_mixin.py:188} INFO - [2024-07-03T12:10:22.274+0200] {override.py:1847} INFO - Created Permission View: can delete on DAG:example_branch_datetime_operator_2
[2024-07-03T12:10:22.358+0200] {logging_mixin.py:188} INFO - [2024-07-03T12:10:22.357+0200] {override.py:1847} INFO - Created Permission View: can read on DAG:example_branch_datetime_operator_2
[2024-07-03T12:10:22.448+0200] {logging_mixin.py:188} INFO - [2024-07-03T12:10:22.448+0200] {override.py:1847} INFO - Created Permission View: can edit on DAG:example_branch_datetime_operator
[2024-07-03T12:10:22.489+0200] {logging_mixin.py:188} INFO - [2024-07-03T12:10:22.488+0200] {override.py:1847} INFO - Created Permission View: can delete on DAG:example_branch_datetime_operator
[2024-07-03T12:10:22.538+0200] {logging_mixin.py:188} INFO - [2024-07-03T12:10:22.537+0200] {override.py:1847} INFO - Created Permission View: can read on DAG:example_branch_datetime_operator
[2024-07-03T12:10:22.620+0200] {logging_mixin.py:188} INFO - [2024-07-03T12:10:22.620+0200] {override.py:1847} INFO - Created Permission View: can edit on DAG:example_branch_datetime_operator_3
[2024-07-03T12:10:22.674+0200] {logging_mixin.py:188} INFO - [2024-07-03T12:10:22.673+0200] {override.py:1847} INFO - Created Permission View: can delete on DAG:example_branch_datetime_operator_3
[2024-07-03T12:10:22.727+0200] {logging_mixin.py:188} INFO - [2024-07-03T12:10:22.727+0200] {override.py:1847} INFO - Created Permission View: can read on DAG:example_branch_datetime_operator_3
[2024-07-03T12:10:22.728+0200] {logging_mixin.py:188} INFO - [2024-07-03T12:10:22.728+0200] {dag.py:3096} INFO - Sync 3 DAGs
[2024-07-03T12:10:22.750+0200] {logging_mixin.py:188} INFO - [2024-07-03T12:10:22.750+0200] {dag.py:3118} INFO - Creating ORM DAG for example_branch_datetime_operator
[2024-07-03T12:10:22.751+0200] {logging_mixin.py:188} INFO - [2024-07-03T12:10:22.751+0200] {dag.py:3118} INFO - Creating ORM DAG for example_branch_datetime_operator_2
[2024-07-03T12:10:22.752+0200] {logging_mixin.py:188} INFO - [2024-07-03T12:10:22.752+0200] {dag.py:3118} INFO - Creating ORM DAG for example_branch_datetime_operator_3
[2024-07-03T12:10:22.766+0200] {logging_mixin.py:188} INFO - [2024-07-03T12:10:22.766+0200] {dag.py:3954} INFO - Setting next_dagrun for example_branch_datetime_operator to 2024-07-02 00:00:00+00:00, run_after=2024-07-03 00:00:00+00:00
[2024-07-03T12:10:22.768+0200] {logging_mixin.py:188} INFO - [2024-07-03T12:10:22.768+0200] {dag.py:3954} INFO - Setting next_dagrun for example_branch_datetime_operator_2 to 2024-07-02 00:00:00+00:00, run_after=2024-07-03 00:00:00+00:00
[2024-07-03T12:10:22.770+0200] {logging_mixin.py:188} INFO - [2024-07-03T12:10:22.770+0200] {dag.py:3954} INFO - Setting next_dagrun for example_branch_datetime_operator_3 to 2024-07-02 00:00:00+00:00, run_after=2024-07-03 00:00:00+00:00
[2024-07-03T12:10:22.849+0200] {processor.py:183} INFO - Processing /usr/local/lib/python3.10/dist-packages/airflow/example_dags/example_branch_datetime_operator.py took 0.830 seconds
[2024-07-03T12:11:46.711+0200] {processor.py:161} INFO - Started process (PID=9579) to work on /usr/local/lib/python3.10/dist-packages/airflow/example_dags/example_branch_datetime_operator.py
[2024-07-03T12:11:46.713+0200] {processor.py:830} INFO - Processing file /usr/local/lib/python3.10/dist-packages/airflow/example_dags/example_branch_datetime_operator.py for tasks to queue
[2024-07-03T12:11:46.715+0200] {logging_mixin.py:188} INFO - [2024-07-03T12:11:46.715+0200] {dagbag.py:545} INFO - Filling up the DagBag from /usr/local/lib/python3.10/dist-packages/airflow/example_dags/example_branch_datetime_operator.py
[2024-07-03T12:11:46.727+0200] {processor.py:840} INFO - DAG(s) 'example_branch_datetime_operator_2', 'example_branch_datetime_operator', 'example_branch_datetime_operator_3' retrieved from /usr/local/lib/python3.10/dist-packages/airflow/example_dags/example_branch_datetime_operator.py
[2024-07-03T12:11:46.785+0200] {logging_mixin.py:188} INFO - [2024-07-03T12:11:46.784+0200] {dag.py:3096} INFO - Sync 3 DAGs
[2024-07-03T12:11:46.827+0200] {logging_mixin.py:188} INFO - [2024-07-03T12:11:46.827+0200] {dag.py:3954} INFO - Setting next_dagrun for example_branch_datetime_operator to 2024-07-02 00:00:00+00:00, run_after=2024-07-03 00:00:00+00:00
[2024-07-03T12:11:46.838+0200] {logging_mixin.py:188} INFO - [2024-07-03T12:11:46.838+0200] {dag.py:3954} INFO - Setting next_dagrun for example_branch_datetime_operator_2 to 2024-07-02 00:00:00+00:00, run_after=2024-07-03 00:00:00+00:00
[2024-07-03T12:11:46.845+0200] {logging_mixin.py:188} INFO - [2024-07-03T12:11:46.845+0200] {dag.py:3954} INFO - Setting next_dagrun for example_branch_datetime_operator_3 to 2024-07-02 00:00:00+00:00, run_after=2024-07-03 00:00:00+00:00
[2024-07-03T12:11:46.966+0200] {processor.py:183} INFO - Processing /usr/local/lib/python3.10/dist-packages/airflow/example_dags/example_branch_datetime_operator.py took 0.262 seconds
[2024-07-03T12:13:02.936+0200] {processor.py:161} INFO - Started process (PID=9683) to work on /usr/local/lib/python3.10/dist-packages/airflow/example_dags/example_branch_datetime_operator.py
[2024-07-03T12:13:02.938+0200] {processor.py:830} INFO - Processing file /usr/local/lib/python3.10/dist-packages/airflow/example_dags/example_branch_datetime_operator.py for tasks to queue
[2024-07-03T12:13:02.940+0200] {logging_mixin.py:188} INFO - [2024-07-03T12:13:02.940+0200] {dagbag.py:545} INFO - Filling up the DagBag from /usr/local/lib/python3.10/dist-packages/airflow/example_dags/example_branch_datetime_operator.py
[2024-07-03T12:13:02.951+0200] {processor.py:840} INFO - DAG(s) 'example_branch_datetime_operator', 'example_branch_datetime_operator_3', 'example_branch_datetime_operator_2' retrieved from /usr/local/lib/python3.10/dist-packages/airflow/example_dags/example_branch_datetime_operator.py
[2024-07-03T12:13:03.000+0200] {logging_mixin.py:188} INFO - [2024-07-03T12:13:03.000+0200] {dag.py:3096} INFO - Sync 3 DAGs
[2024-07-03T12:13:03.137+0200] {logging_mixin.py:188} INFO - [2024-07-03T12:13:03.137+0200] {dag.py:3954} INFO - Setting next_dagrun for example_branch_datetime_operator to 2024-07-02 00:00:00+00:00, run_after=2024-07-03 00:00:00+00:00
[2024-07-03T12:13:03.145+0200] {logging_mixin.py:188} INFO - [2024-07-03T12:13:03.145+0200] {dag.py:3954} INFO - Setting next_dagrun for example_branch_datetime_operator_2 to 2024-07-02 00:00:00+00:00, run_after=2024-07-03 00:00:00+00:00
[2024-07-03T12:13:03.151+0200] {logging_mixin.py:188} INFO - [2024-07-03T12:13:03.150+0200] {dag.py:3954} INFO - Setting next_dagrun for example_branch_datetime_operator_3 to 2024-07-02 00:00:00+00:00, run_after=2024-07-03 00:00:00+00:00
[2024-07-03T12:13:03.277+0200] {processor.py:183} INFO - Processing /usr/local/lib/python3.10/dist-packages/airflow/example_dags/example_branch_datetime_operator.py took 0.350 seconds
[2024-07-03T12:13:51.420+0200] {processor.py:161} INFO - Started process (PID=9759) to work on /usr/local/lib/python3.10/dist-packages/airflow/example_dags/example_branch_datetime_operator.py
[2024-07-03T12:13:51.422+0200] {processor.py:830} INFO - Processing file /usr/local/lib/python3.10/dist-packages/airflow/example_dags/example_branch_datetime_operator.py for tasks to queue
[2024-07-03T12:13:51.425+0200] {logging_mixin.py:188} INFO - [2024-07-03T12:13:51.424+0200] {dagbag.py:545} INFO - Filling up the DagBag from /usr/local/lib/python3.10/dist-packages/airflow/example_dags/example_branch_datetime_operator.py
[2024-07-03T12:13:51.439+0200] {processor.py:840} INFO - DAG(s) 'example_branch_datetime_operator_2', 'example_branch_datetime_operator', 'example_branch_datetime_operator_3' retrieved from /usr/local/lib/python3.10/dist-packages/airflow/example_dags/example_branch_datetime_operator.py
[2024-07-03T12:13:51.488+0200] {logging_mixin.py:188} INFO - [2024-07-03T12:13:51.488+0200] {dag.py:3096} INFO - Sync 3 DAGs
[2024-07-03T12:13:51.523+0200] {logging_mixin.py:188} INFO - [2024-07-03T12:13:51.522+0200] {dag.py:3954} INFO - Setting next_dagrun for example_branch_datetime_operator to 2024-07-02 00:00:00+00:00, run_after=2024-07-03 00:00:00+00:00
[2024-07-03T12:13:51.534+0200] {logging_mixin.py:188} INFO - [2024-07-03T12:13:51.534+0200] {dag.py:3954} INFO - Setting next_dagrun for example_branch_datetime_operator_2 to 2024-07-02 00:00:00+00:00, run_after=2024-07-03 00:00:00+00:00
[2024-07-03T12:13:51.542+0200] {logging_mixin.py:188} INFO - [2024-07-03T12:13:51.541+0200] {dag.py:3954} INFO - Setting next_dagrun for example_branch_datetime_operator_3 to 2024-07-02 00:00:00+00:00, run_after=2024-07-03 00:00:00+00:00
[2024-07-03T12:13:51.626+0200] {processor.py:183} INFO - Processing /usr/local/lib/python3.10/dist-packages/airflow/example_dags/example_branch_datetime_operator.py took 0.212 seconds
[2024-07-03T12:15:05.131+0200] {processor.py:161} INFO - Started process (PID=9890) to work on /usr/local/lib/python3.10/dist-packages/airflow/example_dags/example_branch_datetime_operator.py
[2024-07-03T12:15:05.132+0200] {processor.py:830} INFO - Processing file /usr/local/lib/python3.10/dist-packages/airflow/example_dags/example_branch_datetime_operator.py for tasks to queue
[2024-07-03T12:15:05.134+0200] {logging_mixin.py:188} INFO - [2024-07-03T12:15:05.134+0200] {dagbag.py:545} INFO - Filling up the DagBag from /usr/local/lib/python3.10/dist-packages/airflow/example_dags/example_branch_datetime_operator.py
[2024-07-03T12:15:05.146+0200] {processor.py:840} INFO - DAG(s) 'example_branch_datetime_operator_2', 'example_branch_datetime_operator', 'example_branch_datetime_operator_3' retrieved from /usr/local/lib/python3.10/dist-packages/airflow/example_dags/example_branch_datetime_operator.py
[2024-07-03T12:15:05.187+0200] {logging_mixin.py:188} INFO - [2024-07-03T12:15:05.187+0200] {dag.py:3096} INFO - Sync 3 DAGs
[2024-07-03T12:15:05.218+0200] {logging_mixin.py:188} INFO - [2024-07-03T12:15:05.218+0200] {dag.py:3954} INFO - Setting next_dagrun for example_branch_datetime_operator to 2024-07-02 00:00:00+00:00, run_after=2024-07-03 00:00:00+00:00
[2024-07-03T12:15:05.225+0200] {logging_mixin.py:188} INFO - [2024-07-03T12:15:05.224+0200] {dag.py:3954} INFO - Setting next_dagrun for example_branch_datetime_operator_2 to 2024-07-02 00:00:00+00:00, run_after=2024-07-03 00:00:00+00:00
[2024-07-03T12:15:05.229+0200] {logging_mixin.py:188} INFO - [2024-07-03T12:15:05.229+0200] {dag.py:3954} INFO - Setting next_dagrun for example_branch_datetime_operator_3 to 2024-07-02 00:00:00+00:00, run_after=2024-07-03 00:00:00+00:00
[2024-07-03T12:15:05.304+0200] {processor.py:183} INFO - Processing /usr/local/lib/python3.10/dist-packages/airflow/example_dags/example_branch_datetime_operator.py took 0.179 seconds
