[2024-07-03T12:11:03.535+0200] {processor.py:161} INFO - Started process (PID=9548) to work on /usr/local/lib/python3.10/dist-packages/airflow/example_dags/example_branch_labels.py
[2024-07-03T12:11:03.536+0200] {processor.py:830} INFO - Processing file /usr/local/lib/python3.10/dist-packages/airflow/example_dags/example_branch_labels.py for tasks to queue
[2024-07-03T12:11:03.538+0200] {logging_mixin.py:188} INFO - [2024-07-03T12:11:03.538+0200] {dagbag.py:545} INFO - Filling up the DagBag from /usr/local/lib/python3.10/dist-packages/airflow/example_dags/example_branch_labels.py
[2024-07-03T12:11:03.549+0200] {processor.py:840} INFO - DAG(s) 'example_branch_labels' retrieved from /usr/local/lib/python3.10/dist-packages/airflow/example_dags/example_branch_labels.py
[2024-07-03T12:11:03.749+0200] {logging_mixin.py:188} INFO - [2024-07-03T12:11:03.748+0200] {override.py:1847} INFO - Created Permission View: can edit on DAG:example_branch_labels
[2024-07-03T12:11:03.811+0200] {logging_mixin.py:188} INFO - [2024-07-03T12:11:03.811+0200] {override.py:1847} INFO - Created Permission View: can delete on DAG:example_branch_labels
[2024-07-03T12:11:03.899+0200] {logging_mixin.py:188} INFO - [2024-07-03T12:11:03.898+0200] {override.py:1847} INFO - Created Permission View: can read on DAG:example_branch_labels
[2024-07-03T12:11:03.900+0200] {logging_mixin.py:188} INFO - [2024-07-03T12:11:03.900+0200] {dag.py:3096} INFO - Sync 1 DAGs
[2024-07-03T12:11:04.028+0200] {logging_mixin.py:188} INFO - [2024-07-03T12:11:04.027+0200] {dag.py:3118} INFO - Creating ORM DAG for example_branch_labels
[2024-07-03T12:11:04.052+0200] {logging_mixin.py:188} INFO - [2024-07-03T12:11:04.051+0200] {dag.py:3954} INFO - Setting next_dagrun for example_branch_labels to 2024-07-02 00:00:00+00:00, run_after=2024-07-03 00:00:00+00:00
[2024-07-03T12:11:04.200+0200] {processor.py:183} INFO - Processing /usr/local/lib/python3.10/dist-packages/airflow/example_dags/example_branch_labels.py took 0.673 seconds
[2024-07-03T12:12:30.500+0200] {processor.py:161} INFO - Started process (PID=9618) to work on /usr/local/lib/python3.10/dist-packages/airflow/example_dags/example_branch_labels.py
[2024-07-03T12:12:30.501+0200] {processor.py:830} INFO - Processing file /usr/local/lib/python3.10/dist-packages/airflow/example_dags/example_branch_labels.py for tasks to queue
[2024-07-03T12:12:30.504+0200] {logging_mixin.py:188} INFO - [2024-07-03T12:12:30.503+0200] {dagbag.py:545} INFO - Filling up the DagBag from /usr/local/lib/python3.10/dist-packages/airflow/example_dags/example_branch_labels.py
[2024-07-03T12:12:30.513+0200] {processor.py:840} INFO - DAG(s) 'example_branch_labels' retrieved from /usr/local/lib/python3.10/dist-packages/airflow/example_dags/example_branch_labels.py
[2024-07-03T12:12:30.545+0200] {logging_mixin.py:188} INFO - [2024-07-03T12:12:30.545+0200] {dag.py:3096} INFO - Sync 1 DAGs
[2024-07-03T12:12:30.688+0200] {logging_mixin.py:188} INFO - [2024-07-03T12:12:30.688+0200] {dag.py:3954} INFO - Setting next_dagrun for example_branch_labels to 2024-07-02 00:00:00+00:00, run_after=2024-07-03 00:00:00+00:00
[2024-07-03T12:12:30.798+0200] {processor.py:183} INFO - Processing /usr/local/lib/python3.10/dist-packages/airflow/example_dags/example_branch_labels.py took 0.306 seconds
[2024-07-03T12:13:55.181+0200] {processor.py:161} INFO - Started process (PID=9765) to work on /usr/local/lib/python3.10/dist-packages/airflow/example_dags/example_branch_labels.py
[2024-07-03T12:13:55.183+0200] {processor.py:830} INFO - Processing file /usr/local/lib/python3.10/dist-packages/airflow/example_dags/example_branch_labels.py for tasks to queue
[2024-07-03T12:13:55.185+0200] {logging_mixin.py:188} INFO - [2024-07-03T12:13:55.185+0200] {dagbag.py:545} INFO - Filling up the DagBag from /usr/local/lib/python3.10/dist-packages/airflow/example_dags/example_branch_labels.py
[2024-07-03T12:13:55.192+0200] {processor.py:840} INFO - DAG(s) 'example_branch_labels' retrieved from /usr/local/lib/python3.10/dist-packages/airflow/example_dags/example_branch_labels.py
[2024-07-03T12:13:55.218+0200] {logging_mixin.py:188} INFO - [2024-07-03T12:13:55.218+0200] {dag.py:3096} INFO - Sync 1 DAGs
[2024-07-03T12:13:55.245+0200] {logging_mixin.py:188} INFO - [2024-07-03T12:13:55.245+0200] {dag.py:3954} INFO - Setting next_dagrun for example_branch_labels to 2024-07-02 00:00:00+00:00, run_after=2024-07-03 00:00:00+00:00
[2024-07-03T12:13:55.359+0200] {processor.py:183} INFO - Processing /usr/local/lib/python3.10/dist-packages/airflow/example_dags/example_branch_labels.py took 0.183 seconds
[2024-07-03T12:15:09.154+0200] {processor.py:161} INFO - Started process (PID=9896) to work on /usr/local/lib/python3.10/dist-packages/airflow/example_dags/example_branch_labels.py
[2024-07-03T12:15:09.155+0200] {processor.py:830} INFO - Processing file /usr/local/lib/python3.10/dist-packages/airflow/example_dags/example_branch_labels.py for tasks to queue
[2024-07-03T12:15:09.157+0200] {logging_mixin.py:188} INFO - [2024-07-03T12:15:09.157+0200] {dagbag.py:545} INFO - Filling up the DagBag from /usr/local/lib/python3.10/dist-packages/airflow/example_dags/example_branch_labels.py
[2024-07-03T12:15:09.166+0200] {processor.py:840} INFO - DAG(s) 'example_branch_labels' retrieved from /usr/local/lib/python3.10/dist-packages/airflow/example_dags/example_branch_labels.py
[2024-07-03T12:15:09.207+0200] {logging_mixin.py:188} INFO - [2024-07-03T12:15:09.206+0200] {dag.py:3096} INFO - Sync 1 DAGs
[2024-07-03T12:15:09.241+0200] {logging_mixin.py:188} INFO - [2024-07-03T12:15:09.241+0200] {dag.py:3954} INFO - Setting next_dagrun for example_branch_labels to 2024-07-02 00:00:00+00:00, run_after=2024-07-03 00:00:00+00:00
[2024-07-03T12:15:09.372+0200] {processor.py:183} INFO - Processing /usr/local/lib/python3.10/dist-packages/airflow/example_dags/example_branch_labels.py took 0.225 seconds
