[2024-07-03T12:11:21.511+0200] {processor.py:161} INFO - Started process (PID=9559) to work on /usr/local/lib/python3.10/dist-packages/airflow/example_dags/example_xcom.py
[2024-07-03T12:11:21.513+0200] {processor.py:830} INFO - Processing file /usr/local/lib/python3.10/dist-packages/airflow/example_dags/example_xcom.py for tasks to queue
[2024-07-03T12:11:21.516+0200] {logging_mixin.py:188} INFO - [2024-07-03T12:11:21.515+0200] {dagbag.py:545} INFO - Filling up the DagBag from /usr/local/lib/python3.10/dist-packages/airflow/example_dags/example_xcom.py
[2024-07-03T12:11:21.526+0200] {processor.py:840} INFO - DAG(s) 'example_xcom' retrieved from /usr/local/lib/python3.10/dist-packages/airflow/example_dags/example_xcom.py
[2024-07-03T12:11:21.778+0200] {logging_mixin.py:188} INFO - [2024-07-03T12:11:21.777+0200] {override.py:1847} INFO - Created Permission View: can edit on DAG:example_xcom
[2024-07-03T12:11:21.947+0200] {logging_mixin.py:188} INFO - [2024-07-03T12:11:21.946+0200] {override.py:1847} INFO - Created Permission View: can delete on DAG:example_xcom
[2024-07-03T12:11:21.992+0200] {logging_mixin.py:188} INFO - [2024-07-03T12:11:21.991+0200] {override.py:1847} INFO - Created Permission View: can read on DAG:example_xcom
[2024-07-03T12:11:21.993+0200] {logging_mixin.py:188} INFO - [2024-07-03T12:11:21.992+0200] {dag.py:3096} INFO - Sync 1 DAGs
[2024-07-03T12:11:22.015+0200] {logging_mixin.py:188} INFO - [2024-07-03T12:11:22.015+0200] {dag.py:3118} INFO - Creating ORM DAG for example_xcom
[2024-07-03T12:11:22.029+0200] {logging_mixin.py:188} INFO - [2024-07-03T12:11:22.028+0200] {dag.py:3954} INFO - Setting next_dagrun for example_xcom to 2021-01-01 00:00:00+00:00, run_after=2021-01-01 00:00:00+00:00
[2024-07-03T12:11:22.182+0200] {processor.py:183} INFO - Processing /usr/local/lib/python3.10/dist-packages/airflow/example_dags/example_xcom.py took 0.677 seconds
[2024-07-03T12:12:45.233+0200] {processor.py:161} INFO - Started process (PID=9649) to work on /usr/local/lib/python3.10/dist-packages/airflow/example_dags/example_xcom.py
[2024-07-03T12:12:45.235+0200] {processor.py:830} INFO - Processing file /usr/local/lib/python3.10/dist-packages/airflow/example_dags/example_xcom.py for tasks to queue
[2024-07-03T12:12:45.237+0200] {logging_mixin.py:188} INFO - [2024-07-03T12:12:45.237+0200] {dagbag.py:545} INFO - Filling up the DagBag from /usr/local/lib/python3.10/dist-packages/airflow/example_dags/example_xcom.py
[2024-07-03T12:12:45.245+0200] {processor.py:840} INFO - DAG(s) 'example_xcom' retrieved from /usr/local/lib/python3.10/dist-packages/airflow/example_dags/example_xcom.py
[2024-07-03T12:12:45.292+0200] {logging_mixin.py:188} INFO - [2024-07-03T12:12:45.292+0200] {dag.py:3096} INFO - Sync 1 DAGs
[2024-07-03T12:12:45.406+0200] {logging_mixin.py:188} INFO - [2024-07-03T12:12:45.405+0200] {dag.py:3954} INFO - Setting next_dagrun for example_xcom to 2021-01-01 00:00:00+00:00, run_after=2021-01-01 00:00:00+00:00
[2024-07-03T12:12:45.493+0200] {processor.py:183} INFO - Processing /usr/local/lib/python3.10/dist-packages/airflow/example_dags/example_xcom.py took 0.265 seconds
[2024-07-03T12:14:08.655+0200] {processor.py:161} INFO - Started process (PID=9788) to work on /usr/local/lib/python3.10/dist-packages/airflow/example_dags/example_xcom.py
[2024-07-03T12:14:08.657+0200] {processor.py:830} INFO - Processing file /usr/local/lib/python3.10/dist-packages/airflow/example_dags/example_xcom.py for tasks to queue
[2024-07-03T12:14:08.660+0200] {logging_mixin.py:188} INFO - [2024-07-03T12:14:08.659+0200] {dagbag.py:545} INFO - Filling up the DagBag from /usr/local/lib/python3.10/dist-packages/airflow/example_dags/example_xcom.py
[2024-07-03T12:14:08.669+0200] {processor.py:840} INFO - DAG(s) 'example_xcom' retrieved from /usr/local/lib/python3.10/dist-packages/airflow/example_dags/example_xcom.py
[2024-07-03T12:14:08.715+0200] {logging_mixin.py:188} INFO - [2024-07-03T12:14:08.714+0200] {dag.py:3096} INFO - Sync 1 DAGs
[2024-07-03T12:14:08.754+0200] {logging_mixin.py:188} INFO - [2024-07-03T12:14:08.754+0200] {dag.py:3954} INFO - Setting next_dagrun for example_xcom to 2021-01-01 00:00:00+00:00, run_after=2021-01-01 00:00:00+00:00
[2024-07-03T12:14:08.890+0200] {processor.py:183} INFO - Processing /usr/local/lib/python3.10/dist-packages/airflow/example_dags/example_xcom.py took 0.245 seconds
[2024-07-03T12:15:24.189+0200] {processor.py:161} INFO - Started process (PID=9921) to work on /usr/local/lib/python3.10/dist-packages/airflow/example_dags/example_xcom.py
[2024-07-03T12:15:24.190+0200] {processor.py:830} INFO - Processing file /usr/local/lib/python3.10/dist-packages/airflow/example_dags/example_xcom.py for tasks to queue
[2024-07-03T12:15:24.192+0200] {logging_mixin.py:188} INFO - [2024-07-03T12:15:24.192+0200] {dagbag.py:545} INFO - Filling up the DagBag from /usr/local/lib/python3.10/dist-packages/airflow/example_dags/example_xcom.py
[2024-07-03T12:15:24.201+0200] {processor.py:840} INFO - DAG(s) 'example_xcom' retrieved from /usr/local/lib/python3.10/dist-packages/airflow/example_dags/example_xcom.py
[2024-07-03T12:15:24.231+0200] {logging_mixin.py:188} INFO - [2024-07-03T12:15:24.230+0200] {dag.py:3096} INFO - Sync 1 DAGs
[2024-07-03T12:15:24.269+0200] {logging_mixin.py:188} INFO - [2024-07-03T12:15:24.269+0200] {dag.py:3954} INFO - Setting next_dagrun for example_xcom to 2021-01-01 00:00:00+00:00, run_after=2021-01-01 00:00:00+00:00
[2024-07-03T12:15:24.338+0200] {processor.py:183} INFO - Processing /usr/local/lib/python3.10/dist-packages/airflow/example_dags/example_xcom.py took 0.156 seconds
