[2024-07-03T12:10:48.545+0200] {processor.py:161} INFO - Started process (PID=9540) to work on /usr/local/lib/python3.10/dist-packages/airflow/example_dags/example_branch_day_of_week_operator.py
[2024-07-03T12:10:48.547+0200] {processor.py:830} INFO - Processing file /usr/local/lib/python3.10/dist-packages/airflow/example_dags/example_branch_day_of_week_operator.py for tasks to queue
[2024-07-03T12:10:48.549+0200] {logging_mixin.py:188} INFO - [2024-07-03T12:10:48.549+0200] {dagbag.py:545} INFO - Filling up the DagBag from /usr/local/lib/python3.10/dist-packages/airflow/example_dags/example_branch_day_of_week_operator.py
[2024-07-03T12:10:48.561+0200] {processor.py:840} INFO - DAG(s) 'example_weekday_branch_operator' retrieved from /usr/local/lib/python3.10/dist-packages/airflow/example_dags/example_branch_day_of_week_operator.py
[2024-07-03T12:10:48.786+0200] {logging_mixin.py:188} INFO - [2024-07-03T12:10:48.784+0200] {override.py:1847} INFO - Created Permission View: can edit on DAG:example_weekday_branch_operator
[2024-07-03T12:10:48.856+0200] {logging_mixin.py:188} INFO - [2024-07-03T12:10:48.855+0200] {override.py:1847} INFO - Created Permission View: can delete on DAG:example_weekday_branch_operator
[2024-07-03T12:10:48.958+0200] {logging_mixin.py:188} INFO - [2024-07-03T12:10:48.957+0200] {override.py:1847} INFO - Created Permission View: can read on DAG:example_weekday_branch_operator
[2024-07-03T12:10:48.961+0200] {logging_mixin.py:188} INFO - [2024-07-03T12:10:48.961+0200] {dag.py:3096} INFO - Sync 1 DAGs
[2024-07-03T12:10:49.005+0200] {logging_mixin.py:188} INFO - [2024-07-03T12:10:49.004+0200] {dag.py:3118} INFO - Creating ORM DAG for example_weekday_branch_operator
[2024-07-03T12:10:49.123+0200] {logging_mixin.py:188} INFO - [2024-07-03T12:10:49.123+0200] {dag.py:3954} INFO - Setting next_dagrun for example_weekday_branch_operator to 2024-07-02 00:00:00+00:00, run_after=2024-07-03 00:00:00+00:00
[2024-07-03T12:10:49.231+0200] {processor.py:183} INFO - Processing /usr/local/lib/python3.10/dist-packages/airflow/example_dags/example_branch_day_of_week_operator.py took 0.695 seconds
[2024-07-03T12:12:06.015+0200] {processor.py:161} INFO - Started process (PID=9594) to work on /usr/local/lib/python3.10/dist-packages/airflow/example_dags/example_branch_day_of_week_operator.py
[2024-07-03T12:12:06.048+0200] {processor.py:830} INFO - Processing file /usr/local/lib/python3.10/dist-packages/airflow/example_dags/example_branch_day_of_week_operator.py for tasks to queue
[2024-07-03T12:12:06.058+0200] {logging_mixin.py:188} INFO - [2024-07-03T12:12:06.057+0200] {dagbag.py:545} INFO - Filling up the DagBag from /usr/local/lib/python3.10/dist-packages/airflow/example_dags/example_branch_day_of_week_operator.py
[2024-07-03T12:12:06.099+0200] {processor.py:840} INFO - DAG(s) 'example_weekday_branch_operator' retrieved from /usr/local/lib/python3.10/dist-packages/airflow/example_dags/example_branch_day_of_week_operator.py
[2024-07-03T12:12:06.148+0200] {logging_mixin.py:188} INFO - [2024-07-03T12:12:06.148+0200] {dag.py:3096} INFO - Sync 1 DAGs
[2024-07-03T12:12:06.194+0200] {logging_mixin.py:188} INFO - [2024-07-03T12:12:06.193+0200] {dag.py:3954} INFO - Setting next_dagrun for example_weekday_branch_operator to 2024-07-02 00:00:00+00:00, run_after=2024-07-03 00:00:00+00:00
[2024-07-03T12:12:06.308+0200] {processor.py:183} INFO - Processing /usr/local/lib/python3.10/dist-packages/airflow/example_dags/example_branch_day_of_week_operator.py took 0.303 seconds
[2024-07-03T12:13:25.778+0200] {processor.py:161} INFO - Started process (PID=9717) to work on /usr/local/lib/python3.10/dist-packages/airflow/example_dags/example_branch_day_of_week_operator.py
[2024-07-03T12:13:25.782+0200] {processor.py:830} INFO - Processing file /usr/local/lib/python3.10/dist-packages/airflow/example_dags/example_branch_day_of_week_operator.py for tasks to queue
[2024-07-03T12:13:25.787+0200] {logging_mixin.py:188} INFO - [2024-07-03T12:13:25.786+0200] {dagbag.py:545} INFO - Filling up the DagBag from /usr/local/lib/python3.10/dist-packages/airflow/example_dags/example_branch_day_of_week_operator.py
[2024-07-03T12:13:25.950+0200] {processor.py:840} INFO - DAG(s) 'example_weekday_branch_operator' retrieved from /usr/local/lib/python3.10/dist-packages/airflow/example_dags/example_branch_day_of_week_operator.py
[2024-07-03T12:13:25.986+0200] {logging_mixin.py:188} INFO - [2024-07-03T12:13:25.985+0200] {dag.py:3096} INFO - Sync 1 DAGs
[2024-07-03T12:13:26.017+0200] {logging_mixin.py:188} INFO - [2024-07-03T12:13:26.016+0200] {dag.py:3954} INFO - Setting next_dagrun for example_weekday_branch_operator to 2024-07-02 00:00:00+00:00, run_after=2024-07-03 00:00:00+00:00
[2024-07-03T12:13:26.107+0200] {processor.py:183} INFO - Processing /usr/local/lib/python3.10/dist-packages/airflow/example_dags/example_branch_day_of_week_operator.py took 0.346 seconds
[2024-07-03T12:14:43.998+0200] {processor.py:161} INFO - Started process (PID=9851) to work on /usr/local/lib/python3.10/dist-packages/airflow/example_dags/example_branch_day_of_week_operator.py
[2024-07-03T12:14:44.001+0200] {processor.py:830} INFO - Processing file /usr/local/lib/python3.10/dist-packages/airflow/example_dags/example_branch_day_of_week_operator.py for tasks to queue
[2024-07-03T12:14:44.007+0200] {logging_mixin.py:188} INFO - [2024-07-03T12:14:44.006+0200] {dagbag.py:545} INFO - Filling up the DagBag from /usr/local/lib/python3.10/dist-packages/airflow/example_dags/example_branch_day_of_week_operator.py
[2024-07-03T12:14:44.028+0200] {processor.py:840} INFO - DAG(s) 'example_weekday_branch_operator' retrieved from /usr/local/lib/python3.10/dist-packages/airflow/example_dags/example_branch_day_of_week_operator.py
[2024-07-03T12:14:44.092+0200] {logging_mixin.py:188} INFO - [2024-07-03T12:14:44.092+0200] {dag.py:3096} INFO - Sync 1 DAGs
[2024-07-03T12:14:44.147+0200] {logging_mixin.py:188} INFO - [2024-07-03T12:14:44.146+0200] {dag.py:3954} INFO - Setting next_dagrun for example_weekday_branch_operator to 2024-07-02 00:00:00+00:00, run_after=2024-07-03 00:00:00+00:00
[2024-07-03T12:14:44.255+0200] {processor.py:183} INFO - Processing /usr/local/lib/python3.10/dist-packages/airflow/example_dags/example_branch_day_of_week_operator.py took 0.272 seconds
