[2024-07-03T12:10:51.669+0200] {processor.py:161} INFO - Started process (PID=9542) to work on /usr/local/lib/python3.10/dist-packages/airflow/example_dags/example_kubernetes_executor.py
[2024-07-03T12:10:51.671+0200] {processor.py:830} INFO - Processing file /usr/local/lib/python3.10/dist-packages/airflow/example_dags/example_kubernetes_executor.py for tasks to queue
[2024-07-03T12:10:51.673+0200] {logging_mixin.py:188} INFO - [2024-07-03T12:10:51.672+0200] {dagbag.py:545} INFO - Filling up the DagBag from /usr/local/lib/python3.10/dist-packages/airflow/example_dags/example_kubernetes_executor.py
[2024-07-03T12:10:51.677+0200] {logging_mixin.py:188} INFO - [2024-07-03T12:10:51.677+0200] {example_kubernetes_executor.py:39} WARNING - The example_kubernetes_executor example DAG requires the kubernetes provider. Please install it with: pip install apache-airflow[cncf.kubernetes]
[2024-07-03T12:10:51.677+0200] {processor.py:842} WARNING - No viable dags retrieved from /usr/local/lib/python3.10/dist-packages/airflow/example_dags/example_kubernetes_executor.py
[2024-07-03T12:10:51.698+0200] {processor.py:183} INFO - Processing /usr/local/lib/python3.10/dist-packages/airflow/example_dags/example_kubernetes_executor.py took 0.035 seconds
[2024-07-03T12:12:08.397+0200] {processor.py:161} INFO - Started process (PID=9596) to work on /usr/local/lib/python3.10/dist-packages/airflow/example_dags/example_kubernetes_executor.py
[2024-07-03T12:12:08.398+0200] {processor.py:830} INFO - Processing file /usr/local/lib/python3.10/dist-packages/airflow/example_dags/example_kubernetes_executor.py for tasks to queue
[2024-07-03T12:12:08.402+0200] {logging_mixin.py:188} INFO - [2024-07-03T12:12:08.401+0200] {dagbag.py:545} INFO - Filling up the DagBag from /usr/local/lib/python3.10/dist-packages/airflow/example_dags/example_kubernetes_executor.py
[2024-07-03T12:12:08.408+0200] {logging_mixin.py:188} INFO - [2024-07-03T12:12:08.407+0200] {example_kubernetes_executor.py:39} WARNING - The example_kubernetes_executor example DAG requires the kubernetes provider. Please install it with: pip install apache-airflow[cncf.kubernetes]
[2024-07-03T12:12:08.408+0200] {processor.py:842} WARNING - No viable dags retrieved from /usr/local/lib/python3.10/dist-packages/airflow/example_dags/example_kubernetes_executor.py
[2024-07-03T12:12:08.437+0200] {processor.py:183} INFO - Processing /usr/local/lib/python3.10/dist-packages/airflow/example_dags/example_kubernetes_executor.py took 0.047 seconds
[2024-07-03T12:13:28.975+0200] {processor.py:161} INFO - Started process (PID=9722) to work on /usr/local/lib/python3.10/dist-packages/airflow/example_dags/example_kubernetes_executor.py
[2024-07-03T12:13:28.978+0200] {processor.py:830} INFO - Processing file /usr/local/lib/python3.10/dist-packages/airflow/example_dags/example_kubernetes_executor.py for tasks to queue
[2024-07-03T12:13:28.981+0200] {logging_mixin.py:188} INFO - [2024-07-03T12:13:28.981+0200] {dagbag.py:545} INFO - Filling up the DagBag from /usr/local/lib/python3.10/dist-packages/airflow/example_dags/example_kubernetes_executor.py
[2024-07-03T12:13:28.987+0200] {logging_mixin.py:188} INFO - [2024-07-03T12:13:28.987+0200] {example_kubernetes_executor.py:39} WARNING - The example_kubernetes_executor example DAG requires the kubernetes provider. Please install it with: pip install apache-airflow[cncf.kubernetes]
[2024-07-03T12:13:28.988+0200] {processor.py:842} WARNING - No viable dags retrieved from /usr/local/lib/python3.10/dist-packages/airflow/example_dags/example_kubernetes_executor.py
[2024-07-03T12:13:29.026+0200] {processor.py:183} INFO - Processing /usr/local/lib/python3.10/dist-packages/airflow/example_dags/example_kubernetes_executor.py took 0.059 seconds
[2024-07-03T12:14:47.051+0200] {processor.py:161} INFO - Started process (PID=9856) to work on /usr/local/lib/python3.10/dist-packages/airflow/example_dags/example_kubernetes_executor.py
[2024-07-03T12:14:47.053+0200] {processor.py:830} INFO - Processing file /usr/local/lib/python3.10/dist-packages/airflow/example_dags/example_kubernetes_executor.py for tasks to queue
[2024-07-03T12:14:47.056+0200] {logging_mixin.py:188} INFO - [2024-07-03T12:14:47.055+0200] {dagbag.py:545} INFO - Filling up the DagBag from /usr/local/lib/python3.10/dist-packages/airflow/example_dags/example_kubernetes_executor.py
[2024-07-03T12:14:47.061+0200] {logging_mixin.py:188} INFO - [2024-07-03T12:14:47.061+0200] {example_kubernetes_executor.py:39} WARNING - The example_kubernetes_executor example DAG requires the kubernetes provider. Please install it with: pip install apache-airflow[cncf.kubernetes]
[2024-07-03T12:14:47.062+0200] {processor.py:842} WARNING - No viable dags retrieved from /usr/local/lib/python3.10/dist-packages/airflow/example_dags/example_kubernetes_executor.py
[2024-07-03T12:14:47.101+0200] {processor.py:183} INFO - Processing /usr/local/lib/python3.10/dist-packages/airflow/example_dags/example_kubernetes_executor.py took 0.057 seconds
