[2024-07-03T12:10:34.035+0200] {processor.py:161} INFO - Started process (PID=9532) to work on /usr/local/lib/python3.10/dist-packages/airflow/example_dags/example_python_decorator.py
[2024-07-03T12:10:34.037+0200] {processor.py:830} INFO - Processing file /usr/local/lib/python3.10/dist-packages/airflow/example_dags/example_python_decorator.py for tasks to queue
[2024-07-03T12:10:34.040+0200] {logging_mixin.py:188} INFO - [2024-07-03T12:10:34.040+0200] {dagbag.py:545} INFO - Filling up the DagBag from /usr/local/lib/python3.10/dist-packages/airflow/example_dags/example_python_decorator.py
[2024-07-03T12:10:34.136+0200] {logging_mixin.py:188} INFO - [2024-07-03T12:10:34.136+0200] {example_python_decorator.py:80} WARNING - The virtalenv_python example task requires virtualenv, please install it.
[2024-07-03T12:10:34.139+0200] {processor.py:840} INFO - DAG(s) 'example_python_decorator' retrieved from /usr/local/lib/python3.10/dist-packages/airflow/example_dags/example_python_decorator.py
[2024-07-03T12:10:34.358+0200] {logging_mixin.py:188} INFO - [2024-07-03T12:10:34.357+0200] {override.py:1847} INFO - Created Permission View: can edit on DAG:example_python_decorator
[2024-07-03T12:10:34.412+0200] {logging_mixin.py:188} INFO - [2024-07-03T12:10:34.412+0200] {override.py:1847} INFO - Created Permission View: can delete on DAG:example_python_decorator
[2024-07-03T12:10:34.464+0200] {logging_mixin.py:188} INFO - [2024-07-03T12:10:34.464+0200] {override.py:1847} INFO - Created Permission View: can read on DAG:example_python_decorator
[2024-07-03T12:10:34.465+0200] {logging_mixin.py:188} INFO - [2024-07-03T12:10:34.465+0200] {dag.py:3096} INFO - Sync 1 DAGs
[2024-07-03T12:10:34.486+0200] {logging_mixin.py:188} INFO - [2024-07-03T12:10:34.486+0200] {dag.py:3118} INFO - Creating ORM DAG for example_python_decorator
[2024-07-03T12:10:34.488+0200] {logging_mixin.py:188} INFO - [2024-07-03T12:10:34.487+0200] {dag.py:3954} INFO - Setting next_dagrun for example_python_decorator to None, run_after=None
[2024-07-03T12:10:34.579+0200] {processor.py:183} INFO - Processing /usr/local/lib/python3.10/dist-packages/airflow/example_dags/example_python_decorator.py took 0.551 seconds
[2024-07-03T12:11:55.955+0200] {processor.py:161} INFO - Started process (PID=9586) to work on /usr/local/lib/python3.10/dist-packages/airflow/example_dags/example_python_decorator.py
[2024-07-03T12:11:55.957+0200] {processor.py:830} INFO - Processing file /usr/local/lib/python3.10/dist-packages/airflow/example_dags/example_python_decorator.py for tasks to queue
[2024-07-03T12:11:55.960+0200] {logging_mixin.py:188} INFO - [2024-07-03T12:11:55.959+0200] {dagbag.py:545} INFO - Filling up the DagBag from /usr/local/lib/python3.10/dist-packages/airflow/example_dags/example_python_decorator.py
[2024-07-03T12:11:56.076+0200] {logging_mixin.py:188} INFO - [2024-07-03T12:11:56.075+0200] {example_python_decorator.py:80} WARNING - The virtalenv_python example task requires virtualenv, please install it.
[2024-07-03T12:11:56.077+0200] {processor.py:840} INFO - DAG(s) 'example_python_decorator' retrieved from /usr/local/lib/python3.10/dist-packages/airflow/example_dags/example_python_decorator.py
[2024-07-03T12:11:56.107+0200] {logging_mixin.py:188} INFO - [2024-07-03T12:11:56.107+0200] {dag.py:3096} INFO - Sync 1 DAGs
[2024-07-03T12:11:56.129+0200] {logging_mixin.py:188} INFO - [2024-07-03T12:11:56.128+0200] {dag.py:3954} INFO - Setting next_dagrun for example_python_decorator to None, run_after=None
[2024-07-03T12:11:56.221+0200] {processor.py:183} INFO - Processing /usr/local/lib/python3.10/dist-packages/airflow/example_dags/example_python_decorator.py took 0.272 seconds
[2024-07-03T12:13:13.382+0200] {processor.py:161} INFO - Started process (PID=9697) to work on /usr/local/lib/python3.10/dist-packages/airflow/example_dags/example_python_decorator.py
[2024-07-03T12:13:13.384+0200] {processor.py:830} INFO - Processing file /usr/local/lib/python3.10/dist-packages/airflow/example_dags/example_python_decorator.py for tasks to queue
[2024-07-03T12:13:13.388+0200] {logging_mixin.py:188} INFO - [2024-07-03T12:13:13.388+0200] {dagbag.py:545} INFO - Filling up the DagBag from /usr/local/lib/python3.10/dist-packages/airflow/example_dags/example_python_decorator.py
[2024-07-03T12:13:13.512+0200] {logging_mixin.py:188} INFO - [2024-07-03T12:13:13.512+0200] {example_python_decorator.py:80} WARNING - The virtalenv_python example task requires virtualenv, please install it.
[2024-07-03T12:13:13.513+0200] {processor.py:840} INFO - DAG(s) 'example_python_decorator' retrieved from /usr/local/lib/python3.10/dist-packages/airflow/example_dags/example_python_decorator.py
[2024-07-03T12:13:13.655+0200] {logging_mixin.py:188} INFO - [2024-07-03T12:13:13.654+0200] {dag.py:3096} INFO - Sync 1 DAGs
[2024-07-03T12:13:13.669+0200] {logging_mixin.py:188} INFO - [2024-07-03T12:13:13.669+0200] {dag.py:3954} INFO - Setting next_dagrun for example_python_decorator to None, run_after=None
[2024-07-03T12:13:13.746+0200] {processor.py:183} INFO - Processing /usr/local/lib/python3.10/dist-packages/airflow/example_dags/example_python_decorator.py took 0.380 seconds
[2024-07-03T12:14:34.971+0200] {processor.py:161} INFO - Started process (PID=9834) to work on /usr/local/lib/python3.10/dist-packages/airflow/example_dags/example_python_decorator.py
[2024-07-03T12:14:34.972+0200] {processor.py:830} INFO - Processing file /usr/local/lib/python3.10/dist-packages/airflow/example_dags/example_python_decorator.py for tasks to queue
[2024-07-03T12:14:34.975+0200] {logging_mixin.py:188} INFO - [2024-07-03T12:14:34.974+0200] {dagbag.py:545} INFO - Filling up the DagBag from /usr/local/lib/python3.10/dist-packages/airflow/example_dags/example_python_decorator.py
[2024-07-03T12:14:35.074+0200] {logging_mixin.py:188} INFO - [2024-07-03T12:14:35.074+0200] {example_python_decorator.py:80} WARNING - The virtalenv_python example task requires virtualenv, please install it.
[2024-07-03T12:14:35.075+0200] {processor.py:840} INFO - DAG(s) 'example_python_decorator' retrieved from /usr/local/lib/python3.10/dist-packages/airflow/example_dags/example_python_decorator.py
[2024-07-03T12:14:35.119+0200] {logging_mixin.py:188} INFO - [2024-07-03T12:14:35.119+0200] {dag.py:3096} INFO - Sync 1 DAGs
[2024-07-03T12:14:35.136+0200] {logging_mixin.py:188} INFO - [2024-07-03T12:14:35.136+0200] {dag.py:3954} INFO - Setting next_dagrun for example_python_decorator to None, run_after=None
[2024-07-03T12:14:35.262+0200] {processor.py:183} INFO - Processing /usr/local/lib/python3.10/dist-packages/airflow/example_dags/example_python_decorator.py took 0.297 seconds
