[2024-07-03T12:10:59.705+0200] {processor.py:161} INFO - Started process (PID=9547) to work on /usr/local/lib/python3.10/dist-packages/airflow/example_dags/example_datasets.py
[2024-07-03T12:10:59.708+0200] {processor.py:830} INFO - Processing file /usr/local/lib/python3.10/dist-packages/airflow/example_dags/example_datasets.py for tasks to queue
[2024-07-03T12:10:59.712+0200] {logging_mixin.py:188} INFO - [2024-07-03T12:10:59.711+0200] {dagbag.py:545} INFO - Filling up the DagBag from /usr/local/lib/python3.10/dist-packages/airflow/example_dags/example_datasets.py
[2024-07-03T12:10:59.732+0200] {processor.py:840} INFO - DAG(s) 'dataset_consumes_1_and_2', 'dataset_produces_2', 'consume_1_and_2_with_dataset_expressions', 'dataset_produces_1', 'dataset_consumes_1', 'dataset_consumes_unknown_never_scheduled', 'dataset_consumes_1_never_scheduled', 'consume_1_or_both_2_and_3_with_dataset_expressions', 'conditional_dataset_and_time_based_timetable', 'consume_1_or_2_with_dataset_expressions' retrieved from /usr/local/lib/python3.10/dist-packages/airflow/example_dags/example_datasets.py
[2024-07-03T12:10:59.976+0200] {logging_mixin.py:188} INFO - [2024-07-03T12:10:59.975+0200] {override.py:1847} INFO - Created Permission View: can edit on DAG:dataset_consumes_1_and_2
[2024-07-03T12:11:00.137+0200] {logging_mixin.py:188} INFO - [2024-07-03T12:11:00.136+0200] {override.py:1847} INFO - Created Permission View: can delete on DAG:dataset_consumes_1_and_2
[2024-07-03T12:11:00.179+0200] {logging_mixin.py:188} INFO - [2024-07-03T12:11:00.179+0200] {override.py:1847} INFO - Created Permission View: can read on DAG:dataset_consumes_1_and_2
[2024-07-03T12:11:00.250+0200] {logging_mixin.py:188} INFO - [2024-07-03T12:11:00.249+0200] {override.py:1847} INFO - Created Permission View: can edit on DAG:dataset_produces_2
[2024-07-03T12:11:00.299+0200] {logging_mixin.py:188} INFO - [2024-07-03T12:11:00.299+0200] {override.py:1847} INFO - Created Permission View: can delete on DAG:dataset_produces_2
[2024-07-03T12:11:00.344+0200] {logging_mixin.py:188} INFO - [2024-07-03T12:11:00.343+0200] {override.py:1847} INFO - Created Permission View: can read on DAG:dataset_produces_2
[2024-07-03T12:11:00.430+0200] {logging_mixin.py:188} INFO - [2024-07-03T12:11:00.430+0200] {override.py:1847} INFO - Created Permission View: can edit on DAG:consume_1_and_2_with_dataset_expressions
[2024-07-03T12:11:00.474+0200] {logging_mixin.py:188} INFO - [2024-07-03T12:11:00.474+0200] {override.py:1847} INFO - Created Permission View: can delete on DAG:consume_1_and_2_with_dataset_expressions
[2024-07-03T12:11:00.528+0200] {logging_mixin.py:188} INFO - [2024-07-03T12:11:00.527+0200] {override.py:1847} INFO - Created Permission View: can read on DAG:consume_1_and_2_with_dataset_expressions
[2024-07-03T12:11:00.615+0200] {logging_mixin.py:188} INFO - [2024-07-03T12:11:00.615+0200] {override.py:1847} INFO - Created Permission View: can edit on DAG:dataset_produces_1
[2024-07-03T12:11:00.651+0200] {logging_mixin.py:188} INFO - [2024-07-03T12:11:00.650+0200] {override.py:1847} INFO - Created Permission View: can delete on DAG:dataset_produces_1
[2024-07-03T12:11:00.700+0200] {logging_mixin.py:188} INFO - [2024-07-03T12:11:00.699+0200] {override.py:1847} INFO - Created Permission View: can read on DAG:dataset_produces_1
[2024-07-03T12:11:00.822+0200] {logging_mixin.py:188} INFO - [2024-07-03T12:11:00.822+0200] {override.py:1847} INFO - Created Permission View: can edit on DAG:dataset_consumes_1
[2024-07-03T12:11:00.872+0200] {logging_mixin.py:188} INFO - [2024-07-03T12:11:00.871+0200] {override.py:1847} INFO - Created Permission View: can delete on DAG:dataset_consumes_1
[2024-07-03T12:11:00.926+0200] {logging_mixin.py:188} INFO - [2024-07-03T12:11:00.925+0200] {override.py:1847} INFO - Created Permission View: can read on DAG:dataset_consumes_1
[2024-07-03T12:11:01.054+0200] {logging_mixin.py:188} INFO - [2024-07-03T12:11:01.053+0200] {override.py:1847} INFO - Created Permission View: can edit on DAG:dataset_consumes_unknown_never_scheduled
[2024-07-03T12:11:01.126+0200] {logging_mixin.py:188} INFO - [2024-07-03T12:11:01.125+0200] {override.py:1847} INFO - Created Permission View: can delete on DAG:dataset_consumes_unknown_never_scheduled
[2024-07-03T12:11:01.170+0200] {logging_mixin.py:188} INFO - [2024-07-03T12:11:01.169+0200] {override.py:1847} INFO - Created Permission View: can read on DAG:dataset_consumes_unknown_never_scheduled
[2024-07-03T12:11:01.293+0200] {logging_mixin.py:188} INFO - [2024-07-03T12:11:01.292+0200] {override.py:1847} INFO - Created Permission View: can edit on DAG:dataset_consumes_1_never_scheduled
[2024-07-03T12:11:01.364+0200] {logging_mixin.py:188} INFO - [2024-07-03T12:11:01.363+0200] {override.py:1847} INFO - Created Permission View: can delete on DAG:dataset_consumes_1_never_scheduled
[2024-07-03T12:11:01.444+0200] {logging_mixin.py:188} INFO - [2024-07-03T12:11:01.443+0200] {override.py:1847} INFO - Created Permission View: can read on DAG:dataset_consumes_1_never_scheduled
[2024-07-03T12:11:01.568+0200] {logging_mixin.py:188} INFO - [2024-07-03T12:11:01.567+0200] {override.py:1847} INFO - Created Permission View: can edit on DAG:consume_1_or_both_2_and_3_with_dataset_expressions
[2024-07-03T12:11:01.613+0200] {logging_mixin.py:188} INFO - [2024-07-03T12:11:01.612+0200] {override.py:1847} INFO - Created Permission View: can delete on DAG:consume_1_or_both_2_and_3_with_dataset_expressions
[2024-07-03T12:11:01.681+0200] {logging_mixin.py:188} INFO - [2024-07-03T12:11:01.680+0200] {override.py:1847} INFO - Created Permission View: can read on DAG:consume_1_or_both_2_and_3_with_dataset_expressions
[2024-07-03T12:11:01.818+0200] {logging_mixin.py:188} INFO - [2024-07-03T12:11:01.817+0200] {override.py:1847} INFO - Created Permission View: can edit on DAG:conditional_dataset_and_time_based_timetable
[2024-07-03T12:11:01.901+0200] {logging_mixin.py:188} INFO - [2024-07-03T12:11:01.900+0200] {override.py:1847} INFO - Created Permission View: can delete on DAG:conditional_dataset_and_time_based_timetable
[2024-07-03T12:11:01.991+0200] {logging_mixin.py:188} INFO - [2024-07-03T12:11:01.989+0200] {override.py:1847} INFO - Created Permission View: can read on DAG:conditional_dataset_and_time_based_timetable
[2024-07-03T12:11:02.164+0200] {logging_mixin.py:188} INFO - [2024-07-03T12:11:02.163+0200] {override.py:1847} INFO - Created Permission View: can edit on DAG:consume_1_or_2_with_dataset_expressions
[2024-07-03T12:11:02.235+0200] {logging_mixin.py:188} INFO - [2024-07-03T12:11:02.235+0200] {override.py:1847} INFO - Created Permission View: can delete on DAG:consume_1_or_2_with_dataset_expressions
[2024-07-03T12:11:02.306+0200] {logging_mixin.py:188} INFO - [2024-07-03T12:11:02.306+0200] {override.py:1847} INFO - Created Permission View: can read on DAG:consume_1_or_2_with_dataset_expressions
[2024-07-03T12:11:02.307+0200] {logging_mixin.py:188} INFO - [2024-07-03T12:11:02.307+0200] {dag.py:3096} INFO - Sync 10 DAGs
[2024-07-03T12:11:02.335+0200] {logging_mixin.py:188} INFO - [2024-07-03T12:11:02.335+0200] {dag.py:3118} INFO - Creating ORM DAG for conditional_dataset_and_time_based_timetable
[2024-07-03T12:11:02.336+0200] {logging_mixin.py:188} INFO - [2024-07-03T12:11:02.336+0200] {dag.py:3118} INFO - Creating ORM DAG for consume_1_or_2_with_dataset_expressions
[2024-07-03T12:11:02.337+0200] {logging_mixin.py:188} INFO - [2024-07-03T12:11:02.337+0200] {dag.py:3118} INFO - Creating ORM DAG for dataset_consumes_1_and_2
[2024-07-03T12:11:02.338+0200] {logging_mixin.py:188} INFO - [2024-07-03T12:11:02.338+0200] {dag.py:3118} INFO - Creating ORM DAG for dataset_produces_1
[2024-07-03T12:11:02.340+0200] {logging_mixin.py:188} INFO - [2024-07-03T12:11:02.339+0200] {dag.py:3118} INFO - Creating ORM DAG for dataset_consumes_1_never_scheduled
[2024-07-03T12:11:02.341+0200] {logging_mixin.py:188} INFO - [2024-07-03T12:11:02.340+0200] {dag.py:3118} INFO - Creating ORM DAG for dataset_consumes_unknown_never_scheduled
[2024-07-03T12:11:02.342+0200] {logging_mixin.py:188} INFO - [2024-07-03T12:11:02.342+0200] {dag.py:3118} INFO - Creating ORM DAG for dataset_produces_2
[2024-07-03T12:11:02.343+0200] {logging_mixin.py:188} INFO - [2024-07-03T12:11:02.343+0200] {dag.py:3118} INFO - Creating ORM DAG for dataset_consumes_1
[2024-07-03T12:11:02.344+0200] {logging_mixin.py:188} INFO - [2024-07-03T12:11:02.344+0200] {dag.py:3118} INFO - Creating ORM DAG for consume_1_and_2_with_dataset_expressions
[2024-07-03T12:11:02.345+0200] {logging_mixin.py:188} INFO - [2024-07-03T12:11:02.345+0200] {dag.py:3118} INFO - Creating ORM DAG for consume_1_or_both_2_and_3_with_dataset_expressions
[2024-07-03T12:11:02.363+0200] {logging_mixin.py:188} INFO - [2024-07-03T12:11:02.363+0200] {dag.py:3954} INFO - Setting next_dagrun for conditional_dataset_and_time_based_timetable to 2024-07-03 01:00:00+00:00, run_after=2024-07-03 01:00:00+00:00
[2024-07-03T12:11:02.365+0200] {logging_mixin.py:188} INFO - [2024-07-03T12:11:02.364+0200] {dag.py:3954} INFO - Setting next_dagrun for consume_1_and_2_with_dataset_expressions to None, run_after=None
[2024-07-03T12:11:02.365+0200] {logging_mixin.py:188} INFO - [2024-07-03T12:11:02.365+0200] {dag.py:3954} INFO - Setting next_dagrun for consume_1_or_2_with_dataset_expressions to None, run_after=None
[2024-07-03T12:11:02.366+0200] {logging_mixin.py:188} INFO - [2024-07-03T12:11:02.366+0200] {dag.py:3954} INFO - Setting next_dagrun for consume_1_or_both_2_and_3_with_dataset_expressions to None, run_after=None
[2024-07-03T12:11:02.367+0200] {logging_mixin.py:188} INFO - [2024-07-03T12:11:02.367+0200] {dag.py:3954} INFO - Setting next_dagrun for dataset_consumes_1 to None, run_after=None
[2024-07-03T12:11:02.368+0200] {logging_mixin.py:188} INFO - [2024-07-03T12:11:02.368+0200] {dag.py:3954} INFO - Setting next_dagrun for dataset_consumes_1_and_2 to None, run_after=None
[2024-07-03T12:11:02.369+0200] {logging_mixin.py:188} INFO - [2024-07-03T12:11:02.368+0200] {dag.py:3954} INFO - Setting next_dagrun for dataset_consumes_1_never_scheduled to None, run_after=None
[2024-07-03T12:11:02.369+0200] {logging_mixin.py:188} INFO - [2024-07-03T12:11:02.369+0200] {dag.py:3954} INFO - Setting next_dagrun for dataset_consumes_unknown_never_scheduled to None, run_after=None
[2024-07-03T12:11:02.371+0200] {logging_mixin.py:188} INFO - [2024-07-03T12:11:02.371+0200] {dag.py:3954} INFO - Setting next_dagrun for dataset_produces_1 to 2024-07-02 00:00:00+00:00, run_after=2024-07-03 00:00:00+00:00
[2024-07-03T12:11:02.372+0200] {logging_mixin.py:188} INFO - [2024-07-03T12:11:02.372+0200] {dag.py:3954} INFO - Setting next_dagrun for dataset_produces_2 to None, run_after=None
[2024-07-03T12:11:02.512+0200] {processor.py:183} INFO - Processing /usr/local/lib/python3.10/dist-packages/airflow/example_dags/example_datasets.py took 2.817 seconds
[2024-07-03T12:12:28.860+0200] {processor.py:161} INFO - Started process (PID=9617) to work on /usr/local/lib/python3.10/dist-packages/airflow/example_dags/example_datasets.py
[2024-07-03T12:12:28.862+0200] {processor.py:830} INFO - Processing file /usr/local/lib/python3.10/dist-packages/airflow/example_dags/example_datasets.py for tasks to queue
[2024-07-03T12:12:28.865+0200] {logging_mixin.py:188} INFO - [2024-07-03T12:12:28.864+0200] {dagbag.py:545} INFO - Filling up the DagBag from /usr/local/lib/python3.10/dist-packages/airflow/example_dags/example_datasets.py
[2024-07-03T12:12:28.890+0200] {processor.py:840} INFO - DAG(s) 'consume_1_or_2_with_dataset_expressions', 'dataset_consumes_unknown_never_scheduled', 'dataset_consumes_1', 'consume_1_or_both_2_and_3_with_dataset_expressions', 'dataset_produces_2', 'dataset_consumes_1_never_scheduled', 'conditional_dataset_and_time_based_timetable', 'consume_1_and_2_with_dataset_expressions', 'dataset_produces_1', 'dataset_consumes_1_and_2' retrieved from /usr/local/lib/python3.10/dist-packages/airflow/example_dags/example_datasets.py
[2024-07-03T12:12:29.049+0200] {logging_mixin.py:188} INFO - [2024-07-03T12:12:29.048+0200] {dag.py:3096} INFO - Sync 10 DAGs
[2024-07-03T12:12:29.180+0200] {logging_mixin.py:188} INFO - [2024-07-03T12:12:29.180+0200] {dag.py:3954} INFO - Setting next_dagrun for conditional_dataset_and_time_based_timetable to 2024-07-03 01:00:00+00:00, run_after=2024-07-03 01:00:00+00:00
[2024-07-03T12:12:29.189+0200] {logging_mixin.py:188} INFO - [2024-07-03T12:12:29.188+0200] {dag.py:3954} INFO - Setting next_dagrun for consume_1_and_2_with_dataset_expressions to None, run_after=None
[2024-07-03T12:12:29.193+0200] {logging_mixin.py:188} INFO - [2024-07-03T12:12:29.193+0200] {dag.py:3954} INFO - Setting next_dagrun for consume_1_or_2_with_dataset_expressions to None, run_after=None
[2024-07-03T12:12:29.197+0200] {logging_mixin.py:188} INFO - [2024-07-03T12:12:29.197+0200] {dag.py:3954} INFO - Setting next_dagrun for consume_1_or_both_2_and_3_with_dataset_expressions to None, run_after=None
[2024-07-03T12:12:29.201+0200] {logging_mixin.py:188} INFO - [2024-07-03T12:12:29.200+0200] {dag.py:3954} INFO - Setting next_dagrun for dataset_consumes_1 to None, run_after=None
[2024-07-03T12:12:29.204+0200] {logging_mixin.py:188} INFO - [2024-07-03T12:12:29.204+0200] {dag.py:3954} INFO - Setting next_dagrun for dataset_consumes_1_and_2 to None, run_after=None
[2024-07-03T12:12:29.207+0200] {logging_mixin.py:188} INFO - [2024-07-03T12:12:29.207+0200] {dag.py:3954} INFO - Setting next_dagrun for dataset_consumes_1_never_scheduled to None, run_after=None
[2024-07-03T12:12:29.209+0200] {logging_mixin.py:188} INFO - [2024-07-03T12:12:29.209+0200] {dag.py:3954} INFO - Setting next_dagrun for dataset_consumes_unknown_never_scheduled to None, run_after=None
[2024-07-03T12:12:29.213+0200] {logging_mixin.py:188} INFO - [2024-07-03T12:12:29.213+0200] {dag.py:3954} INFO - Setting next_dagrun for dataset_produces_1 to 2024-07-02 00:00:00+00:00, run_after=2024-07-03 00:00:00+00:00
[2024-07-03T12:12:29.216+0200] {logging_mixin.py:188} INFO - [2024-07-03T12:12:29.215+0200] {dag.py:3954} INFO - Setting next_dagrun for dataset_produces_2 to None, run_after=None
[2024-07-03T12:12:29.296+0200] {processor.py:183} INFO - Processing /usr/local/lib/python3.10/dist-packages/airflow/example_dags/example_datasets.py took 0.446 seconds
[2024-07-03T12:13:54.376+0200] {processor.py:161} INFO - Started process (PID=9763) to work on /usr/local/lib/python3.10/dist-packages/airflow/example_dags/example_datasets.py
[2024-07-03T12:13:54.378+0200] {processor.py:830} INFO - Processing file /usr/local/lib/python3.10/dist-packages/airflow/example_dags/example_datasets.py for tasks to queue
[2024-07-03T12:13:54.380+0200] {logging_mixin.py:188} INFO - [2024-07-03T12:13:54.380+0200] {dagbag.py:545} INFO - Filling up the DagBag from /usr/local/lib/python3.10/dist-packages/airflow/example_dags/example_datasets.py
[2024-07-03T12:13:54.392+0200] {processor.py:840} INFO - DAG(s) 'consume_1_and_2_with_dataset_expressions', 'dataset_produces_1', 'dataset_produces_2', 'dataset_consumes_1_and_2', 'dataset_consumes_1_never_scheduled', 'consume_1_or_both_2_and_3_with_dataset_expressions', 'consume_1_or_2_with_dataset_expressions', 'dataset_consumes_unknown_never_scheduled', 'dataset_consumes_1', 'conditional_dataset_and_time_based_timetable' retrieved from /usr/local/lib/python3.10/dist-packages/airflow/example_dags/example_datasets.py
[2024-07-03T12:13:54.513+0200] {logging_mixin.py:188} INFO - [2024-07-03T12:13:54.513+0200] {dag.py:3096} INFO - Sync 10 DAGs
[2024-07-03T12:13:54.547+0200] {logging_mixin.py:188} INFO - [2024-07-03T12:13:54.547+0200] {dag.py:3954} INFO - Setting next_dagrun for conditional_dataset_and_time_based_timetable to 2024-07-03 01:00:00+00:00, run_after=2024-07-03 01:00:00+00:00
[2024-07-03T12:13:54.554+0200] {logging_mixin.py:188} INFO - [2024-07-03T12:13:54.554+0200] {dag.py:3954} INFO - Setting next_dagrun for consume_1_and_2_with_dataset_expressions to None, run_after=None
[2024-07-03T12:13:54.558+0200] {logging_mixin.py:188} INFO - [2024-07-03T12:13:54.558+0200] {dag.py:3954} INFO - Setting next_dagrun for consume_1_or_2_with_dataset_expressions to None, run_after=None
[2024-07-03T12:13:54.562+0200] {logging_mixin.py:188} INFO - [2024-07-03T12:13:54.562+0200] {dag.py:3954} INFO - Setting next_dagrun for consume_1_or_both_2_and_3_with_dataset_expressions to None, run_after=None
[2024-07-03T12:13:54.565+0200] {logging_mixin.py:188} INFO - [2024-07-03T12:13:54.565+0200] {dag.py:3954} INFO - Setting next_dagrun for dataset_consumes_1 to None, run_after=None
[2024-07-03T12:13:54.569+0200] {logging_mixin.py:188} INFO - [2024-07-03T12:13:54.569+0200] {dag.py:3954} INFO - Setting next_dagrun for dataset_consumes_1_and_2 to None, run_after=None
[2024-07-03T12:13:54.575+0200] {logging_mixin.py:188} INFO - [2024-07-03T12:13:54.575+0200] {dag.py:3954} INFO - Setting next_dagrun for dataset_consumes_1_never_scheduled to None, run_after=None
[2024-07-03T12:13:54.580+0200] {logging_mixin.py:188} INFO - [2024-07-03T12:13:54.580+0200] {dag.py:3954} INFO - Setting next_dagrun for dataset_consumes_unknown_never_scheduled to None, run_after=None
[2024-07-03T12:13:54.587+0200] {logging_mixin.py:188} INFO - [2024-07-03T12:13:54.586+0200] {dag.py:3954} INFO - Setting next_dagrun for dataset_produces_1 to 2024-07-02 00:00:00+00:00, run_after=2024-07-03 00:00:00+00:00
[2024-07-03T12:13:54.590+0200] {logging_mixin.py:188} INFO - [2024-07-03T12:13:54.590+0200] {dag.py:3954} INFO - Setting next_dagrun for dataset_produces_2 to None, run_after=None
[2024-07-03T12:13:54.770+0200] {processor.py:183} INFO - Processing /usr/local/lib/python3.10/dist-packages/airflow/example_dags/example_datasets.py took 0.399 seconds
[2024-07-03T12:15:08.025+0200] {processor.py:161} INFO - Started process (PID=9894) to work on /usr/local/lib/python3.10/dist-packages/airflow/example_dags/example_datasets.py
[2024-07-03T12:15:08.027+0200] {processor.py:830} INFO - Processing file /usr/local/lib/python3.10/dist-packages/airflow/example_dags/example_datasets.py for tasks to queue
[2024-07-03T12:15:08.029+0200] {logging_mixin.py:188} INFO - [2024-07-03T12:15:08.029+0200] {dagbag.py:545} INFO - Filling up the DagBag from /usr/local/lib/python3.10/dist-packages/airflow/example_dags/example_datasets.py
[2024-07-03T12:15:08.047+0200] {processor.py:840} INFO - DAG(s) 'consume_1_or_2_with_dataset_expressions', 'dataset_consumes_1', 'conditional_dataset_and_time_based_timetable', 'dataset_consumes_1_and_2', 'consume_1_or_both_2_and_3_with_dataset_expressions', 'dataset_consumes_1_never_scheduled', 'dataset_consumes_unknown_never_scheduled', 'dataset_produces_2', 'dataset_produces_1', 'consume_1_and_2_with_dataset_expressions' retrieved from /usr/local/lib/python3.10/dist-packages/airflow/example_dags/example_datasets.py
[2024-07-03T12:15:08.161+0200] {logging_mixin.py:188} INFO - [2024-07-03T12:15:08.160+0200] {dag.py:3096} INFO - Sync 10 DAGs
[2024-07-03T12:15:08.192+0200] {logging_mixin.py:188} INFO - [2024-07-03T12:15:08.192+0200] {dag.py:3954} INFO - Setting next_dagrun for conditional_dataset_and_time_based_timetable to 2024-07-03 01:00:00+00:00, run_after=2024-07-03 01:00:00+00:00
[2024-07-03T12:15:08.199+0200] {logging_mixin.py:188} INFO - [2024-07-03T12:15:08.198+0200] {dag.py:3954} INFO - Setting next_dagrun for consume_1_and_2_with_dataset_expressions to None, run_after=None
[2024-07-03T12:15:08.202+0200] {logging_mixin.py:188} INFO - [2024-07-03T12:15:08.202+0200] {dag.py:3954} INFO - Setting next_dagrun for consume_1_or_2_with_dataset_expressions to None, run_after=None
[2024-07-03T12:15:08.206+0200] {logging_mixin.py:188} INFO - [2024-07-03T12:15:08.206+0200] {dag.py:3954} INFO - Setting next_dagrun for consume_1_or_both_2_and_3_with_dataset_expressions to None, run_after=None
[2024-07-03T12:15:08.210+0200] {logging_mixin.py:188} INFO - [2024-07-03T12:15:08.210+0200] {dag.py:3954} INFO - Setting next_dagrun for dataset_consumes_1 to None, run_after=None
[2024-07-03T12:15:08.215+0200] {logging_mixin.py:188} INFO - [2024-07-03T12:15:08.214+0200] {dag.py:3954} INFO - Setting next_dagrun for dataset_consumes_1_and_2 to None, run_after=None
[2024-07-03T12:15:08.219+0200] {logging_mixin.py:188} INFO - [2024-07-03T12:15:08.219+0200] {dag.py:3954} INFO - Setting next_dagrun for dataset_consumes_1_never_scheduled to None, run_after=None
[2024-07-03T12:15:08.224+0200] {logging_mixin.py:188} INFO - [2024-07-03T12:15:08.223+0200] {dag.py:3954} INFO - Setting next_dagrun for dataset_consumes_unknown_never_scheduled to None, run_after=None
[2024-07-03T12:15:08.230+0200] {logging_mixin.py:188} INFO - [2024-07-03T12:15:08.230+0200] {dag.py:3954} INFO - Setting next_dagrun for dataset_produces_1 to 2024-07-02 00:00:00+00:00, run_after=2024-07-03 00:00:00+00:00
[2024-07-03T12:15:08.235+0200] {logging_mixin.py:188} INFO - [2024-07-03T12:15:08.235+0200] {dag.py:3954} INFO - Setting next_dagrun for dataset_produces_2 to None, run_after=None
[2024-07-03T12:15:08.354+0200] {processor.py:183} INFO - Processing /usr/local/lib/python3.10/dist-packages/airflow/example_dags/example_datasets.py took 0.337 seconds
