[2024-07-03T12:10:23.746+0200] {processor.py:161} INFO - Started process (PID=9526) to work on /usr/local/lib/python3.10/dist-packages/airflow/example_dags/example_complex.py
[2024-07-03T12:10:23.747+0200] {processor.py:830} INFO - Processing file /usr/local/lib/python3.10/dist-packages/airflow/example_dags/example_complex.py for tasks to queue
[2024-07-03T12:10:23.749+0200] {logging_mixin.py:188} INFO - [2024-07-03T12:10:23.749+0200] {dagbag.py:545} INFO - Filling up the DagBag from /usr/local/lib/python3.10/dist-packages/airflow/example_dags/example_complex.py
[2024-07-03T12:10:23.760+0200] {processor.py:840} INFO - DAG(s) 'example_complex' retrieved from /usr/local/lib/python3.10/dist-packages/airflow/example_dags/example_complex.py
[2024-07-03T12:10:23.947+0200] {logging_mixin.py:188} INFO - [2024-07-03T12:10:23.946+0200] {override.py:1847} INFO - Created Permission View: can edit on DAG:example_complex
[2024-07-03T12:10:23.978+0200] {logging_mixin.py:188} INFO - [2024-07-03T12:10:23.978+0200] {override.py:1847} INFO - Created Permission View: can delete on DAG:example_complex
[2024-07-03T12:10:24.012+0200] {logging_mixin.py:188} INFO - [2024-07-03T12:10:24.011+0200] {override.py:1847} INFO - Created Permission View: can read on DAG:example_complex
[2024-07-03T12:10:24.013+0200] {logging_mixin.py:188} INFO - [2024-07-03T12:10:24.013+0200] {dag.py:3096} INFO - Sync 1 DAGs
[2024-07-03T12:10:24.038+0200] {logging_mixin.py:188} INFO - [2024-07-03T12:10:24.038+0200] {dag.py:3118} INFO - Creating ORM DAG for example_complex
[2024-07-03T12:10:24.040+0200] {logging_mixin.py:188} INFO - [2024-07-03T12:10:24.039+0200] {dag.py:3954} INFO - Setting next_dagrun for example_complex to None, run_after=None
[2024-07-03T12:10:24.163+0200] {processor.py:183} INFO - Processing /usr/local/lib/python3.10/dist-packages/airflow/example_dags/example_complex.py took 0.425 seconds
[2024-07-03T12:11:47.734+0200] {processor.py:161} INFO - Started process (PID=9580) to work on /usr/local/lib/python3.10/dist-packages/airflow/example_dags/example_complex.py
[2024-07-03T12:11:47.736+0200] {processor.py:830} INFO - Processing file /usr/local/lib/python3.10/dist-packages/airflow/example_dags/example_complex.py for tasks to queue
[2024-07-03T12:11:47.739+0200] {logging_mixin.py:188} INFO - [2024-07-03T12:11:47.738+0200] {dagbag.py:545} INFO - Filling up the DagBag from /usr/local/lib/python3.10/dist-packages/airflow/example_dags/example_complex.py
[2024-07-03T12:11:47.758+0200] {processor.py:840} INFO - DAG(s) 'example_complex' retrieved from /usr/local/lib/python3.10/dist-packages/airflow/example_dags/example_complex.py
[2024-07-03T12:11:47.822+0200] {logging_mixin.py:188} INFO - [2024-07-03T12:11:47.822+0200] {dag.py:3096} INFO - Sync 1 DAGs
[2024-07-03T12:11:47.837+0200] {logging_mixin.py:188} INFO - [2024-07-03T12:11:47.837+0200] {dag.py:3954} INFO - Setting next_dagrun for example_complex to None, run_after=None
[2024-07-03T12:11:47.958+0200] {processor.py:183} INFO - Processing /usr/local/lib/python3.10/dist-packages/airflow/example_dags/example_complex.py took 0.236 seconds
[2024-07-03T12:13:04.210+0200] {processor.py:161} INFO - Started process (PID=9684) to work on /usr/local/lib/python3.10/dist-packages/airflow/example_dags/example_complex.py
[2024-07-03T12:13:04.212+0200] {processor.py:830} INFO - Processing file /usr/local/lib/python3.10/dist-packages/airflow/example_dags/example_complex.py for tasks to queue
[2024-07-03T12:13:04.216+0200] {logging_mixin.py:188} INFO - [2024-07-03T12:13:04.216+0200] {dagbag.py:545} INFO - Filling up the DagBag from /usr/local/lib/python3.10/dist-packages/airflow/example_dags/example_complex.py
[2024-07-03T12:13:04.229+0200] {processor.py:840} INFO - DAG(s) 'example_complex' retrieved from /usr/local/lib/python3.10/dist-packages/airflow/example_dags/example_complex.py
[2024-07-03T12:13:04.414+0200] {logging_mixin.py:188} INFO - [2024-07-03T12:13:04.414+0200] {dag.py:3096} INFO - Sync 1 DAGs
[2024-07-03T12:13:04.437+0200] {logging_mixin.py:188} INFO - [2024-07-03T12:13:04.436+0200] {dag.py:3954} INFO - Setting next_dagrun for example_complex to None, run_after=None
[2024-07-03T12:13:04.600+0200] {processor.py:183} INFO - Processing /usr/local/lib/python3.10/dist-packages/airflow/example_dags/example_complex.py took 0.398 seconds
[2024-07-03T12:13:52.840+0200] {processor.py:161} INFO - Started process (PID=9761) to work on /usr/local/lib/python3.10/dist-packages/airflow/example_dags/example_complex.py
[2024-07-03T12:13:52.842+0200] {processor.py:830} INFO - Processing file /usr/local/lib/python3.10/dist-packages/airflow/example_dags/example_complex.py for tasks to queue
[2024-07-03T12:13:52.844+0200] {logging_mixin.py:188} INFO - [2024-07-03T12:13:52.844+0200] {dagbag.py:545} INFO - Filling up the DagBag from /usr/local/lib/python3.10/dist-packages/airflow/example_dags/example_complex.py
[2024-07-03T12:13:52.856+0200] {processor.py:840} INFO - DAG(s) 'example_complex' retrieved from /usr/local/lib/python3.10/dist-packages/airflow/example_dags/example_complex.py
[2024-07-03T12:13:52.899+0200] {logging_mixin.py:188} INFO - [2024-07-03T12:13:52.899+0200] {dag.py:3096} INFO - Sync 1 DAGs
[2024-07-03T12:13:52.914+0200] {logging_mixin.py:188} INFO - [2024-07-03T12:13:52.913+0200] {dag.py:3954} INFO - Setting next_dagrun for example_complex to None, run_after=None
[2024-07-03T12:13:53.018+0200] {processor.py:183} INFO - Processing /usr/local/lib/python3.10/dist-packages/airflow/example_dags/example_complex.py took 0.183 seconds
[2024-07-03T12:15:06.594+0200] {processor.py:161} INFO - Started process (PID=9892) to work on /usr/local/lib/python3.10/dist-packages/airflow/example_dags/example_complex.py
[2024-07-03T12:15:06.596+0200] {processor.py:830} INFO - Processing file /usr/local/lib/python3.10/dist-packages/airflow/example_dags/example_complex.py for tasks to queue
[2024-07-03T12:15:06.600+0200] {logging_mixin.py:188} INFO - [2024-07-03T12:15:06.599+0200] {dagbag.py:545} INFO - Filling up the DagBag from /usr/local/lib/python3.10/dist-packages/airflow/example_dags/example_complex.py
[2024-07-03T12:15:06.616+0200] {processor.py:840} INFO - DAG(s) 'example_complex' retrieved from /usr/local/lib/python3.10/dist-packages/airflow/example_dags/example_complex.py
[2024-07-03T12:15:06.662+0200] {logging_mixin.py:188} INFO - [2024-07-03T12:15:06.661+0200] {dag.py:3096} INFO - Sync 1 DAGs
[2024-07-03T12:15:06.684+0200] {logging_mixin.py:188} INFO - [2024-07-03T12:15:06.684+0200] {dag.py:3954} INFO - Setting next_dagrun for example_complex to None, run_after=None
[2024-07-03T12:15:06.796+0200] {processor.py:183} INFO - Processing /usr/local/lib/python3.10/dist-packages/airflow/example_dags/example_complex.py took 0.210 seconds
