[2024-07-03T12:11:19.177+0200] {processor.py:161} INFO - Started process (PID=9557) to work on /usr/local/lib/python3.10/dist-packages/airflow/example_dags/example_branch_python_dop_operator_3.py
[2024-07-03T12:11:19.178+0200] {processor.py:830} INFO - Processing file /usr/local/lib/python3.10/dist-packages/airflow/example_dags/example_branch_python_dop_operator_3.py for tasks to queue
[2024-07-03T12:11:19.180+0200] {logging_mixin.py:188} INFO - [2024-07-03T12:11:19.180+0200] {dagbag.py:545} INFO - Filling up the DagBag from /usr/local/lib/python3.10/dist-packages/airflow/example_dags/example_branch_python_dop_operator_3.py
[2024-07-03T12:11:19.194+0200] {processor.py:840} INFO - DAG(s) 'example_branch_dop_operator_v3' retrieved from /usr/local/lib/python3.10/dist-packages/airflow/example_dags/example_branch_python_dop_operator_3.py
[2024-07-03T12:11:19.354+0200] {logging_mixin.py:188} INFO - [2024-07-03T12:11:19.353+0200] {override.py:1847} INFO - Created Permission View: can edit on DAG:example_branch_dop_operator_v3
[2024-07-03T12:11:19.479+0200] {logging_mixin.py:188} INFO - [2024-07-03T12:11:19.479+0200] {override.py:1847} INFO - Created Permission View: can delete on DAG:example_branch_dop_operator_v3
[2024-07-03T12:11:19.513+0200] {logging_mixin.py:188} INFO - [2024-07-03T12:11:19.512+0200] {override.py:1847} INFO - Created Permission View: can read on DAG:example_branch_dop_operator_v3
[2024-07-03T12:11:19.513+0200] {logging_mixin.py:188} INFO - [2024-07-03T12:11:19.513+0200] {dag.py:3096} INFO - Sync 1 DAGs
[2024-07-03T12:11:19.528+0200] {logging_mixin.py:188} INFO - [2024-07-03T12:11:19.528+0200] {dag.py:3118} INFO - Creating ORM DAG for example_branch_dop_operator_v3
[2024-07-03T12:11:19.543+0200] {logging_mixin.py:188} INFO - [2024-07-03T12:11:19.543+0200] {dag.py:3954} INFO - Setting next_dagrun for example_branch_dop_operator_v3 to 2024-07-03 10:10:00+00:00, run_after=2024-07-03 10:11:00+00:00
[2024-07-03T12:11:19.622+0200] {processor.py:183} INFO - Processing /usr/local/lib/python3.10/dist-packages/airflow/example_dags/example_branch_python_dop_operator_3.py took 0.451 seconds
[2024-07-03T12:12:41.913+0200] {processor.py:161} INFO - Started process (PID=9647) to work on /usr/local/lib/python3.10/dist-packages/airflow/example_dags/example_branch_python_dop_operator_3.py
[2024-07-03T12:12:41.915+0200] {processor.py:830} INFO - Processing file /usr/local/lib/python3.10/dist-packages/airflow/example_dags/example_branch_python_dop_operator_3.py for tasks to queue
[2024-07-03T12:12:41.918+0200] {logging_mixin.py:188} INFO - [2024-07-03T12:12:41.917+0200] {dagbag.py:545} INFO - Filling up the DagBag from /usr/local/lib/python3.10/dist-packages/airflow/example_dags/example_branch_python_dop_operator_3.py
[2024-07-03T12:12:41.927+0200] {processor.py:840} INFO - DAG(s) 'example_branch_dop_operator_v3' retrieved from /usr/local/lib/python3.10/dist-packages/airflow/example_dags/example_branch_python_dop_operator_3.py
[2024-07-03T12:12:41.971+0200] {logging_mixin.py:188} INFO - [2024-07-03T12:12:41.971+0200] {dag.py:3096} INFO - Sync 1 DAGs
[2024-07-03T12:12:42.115+0200] {logging_mixin.py:188} INFO - [2024-07-03T12:12:42.114+0200] {dag.py:3954} INFO - Setting next_dagrun for example_branch_dop_operator_v3 to 2024-07-03 10:11:00+00:00, run_after=2024-07-03 10:12:00+00:00
[2024-07-03T12:12:42.226+0200] {processor.py:183} INFO - Processing /usr/local/lib/python3.10/dist-packages/airflow/example_dags/example_branch_python_dop_operator_3.py took 0.320 seconds
[2024-07-03T12:14:05.738+0200] {processor.py:161} INFO - Started process (PID=9783) to work on /usr/local/lib/python3.10/dist-packages/airflow/example_dags/example_branch_python_dop_operator_3.py
[2024-07-03T12:14:05.740+0200] {processor.py:830} INFO - Processing file /usr/local/lib/python3.10/dist-packages/airflow/example_dags/example_branch_python_dop_operator_3.py for tasks to queue
[2024-07-03T12:14:05.742+0200] {logging_mixin.py:188} INFO - [2024-07-03T12:14:05.742+0200] {dagbag.py:545} INFO - Filling up the DagBag from /usr/local/lib/python3.10/dist-packages/airflow/example_dags/example_branch_python_dop_operator_3.py
[2024-07-03T12:14:05.752+0200] {processor.py:840} INFO - DAG(s) 'example_branch_dop_operator_v3' retrieved from /usr/local/lib/python3.10/dist-packages/airflow/example_dags/example_branch_python_dop_operator_3.py
[2024-07-03T12:14:05.793+0200] {logging_mixin.py:188} INFO - [2024-07-03T12:14:05.793+0200] {dag.py:3096} INFO - Sync 1 DAGs
[2024-07-03T12:14:05.827+0200] {logging_mixin.py:188} INFO - [2024-07-03T12:14:05.827+0200] {dag.py:3954} INFO - Setting next_dagrun for example_branch_dop_operator_v3 to 2024-07-03 10:13:00+00:00, run_after=2024-07-03 10:14:00+00:00
[2024-07-03T12:14:05.917+0200] {processor.py:183} INFO - Processing /usr/local/lib/python3.10/dist-packages/airflow/example_dags/example_branch_python_dop_operator_3.py took 0.191 seconds
[2024-07-03T12:15:21.391+0200] {processor.py:161} INFO - Started process (PID=9916) to work on /usr/local/lib/python3.10/dist-packages/airflow/example_dags/example_branch_python_dop_operator_3.py
[2024-07-03T12:15:21.393+0200] {processor.py:830} INFO - Processing file /usr/local/lib/python3.10/dist-packages/airflow/example_dags/example_branch_python_dop_operator_3.py for tasks to queue
[2024-07-03T12:15:21.395+0200] {logging_mixin.py:188} INFO - [2024-07-03T12:15:21.394+0200] {dagbag.py:545} INFO - Filling up the DagBag from /usr/local/lib/python3.10/dist-packages/airflow/example_dags/example_branch_python_dop_operator_3.py
[2024-07-03T12:15:21.404+0200] {processor.py:840} INFO - DAG(s) 'example_branch_dop_operator_v3' retrieved from /usr/local/lib/python3.10/dist-packages/airflow/example_dags/example_branch_python_dop_operator_3.py
[2024-07-03T12:15:21.447+0200] {logging_mixin.py:188} INFO - [2024-07-03T12:15:21.447+0200] {dag.py:3096} INFO - Sync 1 DAGs
[2024-07-03T12:15:21.480+0200] {logging_mixin.py:188} INFO - [2024-07-03T12:15:21.480+0200] {dag.py:3954} INFO - Setting next_dagrun for example_branch_dop_operator_v3 to 2024-07-03 10:14:00+00:00, run_after=2024-07-03 10:15:00+00:00
[2024-07-03T12:15:21.572+0200] {processor.py:183} INFO - Processing /usr/local/lib/python3.10/dist-packages/airflow/example_dags/example_branch_python_dop_operator_3.py took 0.187 seconds
