[2024-07-03T12:10:40.971+0200] {processor.py:161} INFO - Started process (PID=9536) to work on /usr/local/lib/python3.10/dist-packages/airflow/example_dags/example_sensors.py
[2024-07-03T12:10:40.973+0200] {processor.py:830} INFO - Processing file /usr/local/lib/python3.10/dist-packages/airflow/example_dags/example_sensors.py for tasks to queue
[2024-07-03T12:10:40.976+0200] {logging_mixin.py:188} INFO - [2024-07-03T12:10:40.976+0200] {dagbag.py:545} INFO - Filling up the DagBag from /usr/local/lib/python3.10/dist-packages/airflow/example_dags/example_sensors.py
[2024-07-03T12:10:40.994+0200] {processor.py:840} INFO - DAG(s) 'example_sensors' retrieved from /usr/local/lib/python3.10/dist-packages/airflow/example_dags/example_sensors.py
[2024-07-03T12:10:41.333+0200] {logging_mixin.py:188} INFO - [2024-07-03T12:10:41.331+0200] {override.py:1847} INFO - Created Permission View: can edit on DAG:example_sensors
[2024-07-03T12:10:41.409+0200] {logging_mixin.py:188} INFO - [2024-07-03T12:10:41.408+0200] {override.py:1847} INFO - Created Permission View: can delete on DAG:example_sensors
[2024-07-03T12:10:41.482+0200] {logging_mixin.py:188} INFO - [2024-07-03T12:10:41.481+0200] {override.py:1847} INFO - Created Permission View: can read on DAG:example_sensors
[2024-07-03T12:10:41.483+0200] {logging_mixin.py:188} INFO - [2024-07-03T12:10:41.483+0200] {dag.py:3096} INFO - Sync 1 DAGs
[2024-07-03T12:10:41.515+0200] {logging_mixin.py:188} INFO - [2024-07-03T12:10:41.515+0200] {dag.py:3118} INFO - Creating ORM DAG for example_sensors
[2024-07-03T12:10:41.516+0200] {logging_mixin.py:188} INFO - [2024-07-03T12:10:41.516+0200] {dag.py:3954} INFO - Setting next_dagrun for example_sensors to None, run_after=None
[2024-07-03T12:10:41.709+0200] {processor.py:183} INFO - Processing /usr/local/lib/python3.10/dist-packages/airflow/example_dags/example_sensors.py took 0.746 seconds
[2024-07-03T12:12:01.317+0200] {processor.py:161} INFO - Started process (PID=9590) to work on /usr/local/lib/python3.10/dist-packages/airflow/example_dags/example_sensors.py
[2024-07-03T12:12:01.320+0200] {processor.py:830} INFO - Processing file /usr/local/lib/python3.10/dist-packages/airflow/example_dags/example_sensors.py for tasks to queue
[2024-07-03T12:12:01.324+0200] {logging_mixin.py:188} INFO - [2024-07-03T12:12:01.324+0200] {dagbag.py:545} INFO - Filling up the DagBag from /usr/local/lib/python3.10/dist-packages/airflow/example_dags/example_sensors.py
[2024-07-03T12:12:01.341+0200] {processor.py:840} INFO - DAG(s) 'example_sensors' retrieved from /usr/local/lib/python3.10/dist-packages/airflow/example_dags/example_sensors.py
[2024-07-03T12:12:01.374+0200] {logging_mixin.py:188} INFO - [2024-07-03T12:12:01.374+0200] {dag.py:3096} INFO - Sync 1 DAGs
[2024-07-03T12:12:01.390+0200] {logging_mixin.py:188} INFO - [2024-07-03T12:12:01.389+0200] {dag.py:3954} INFO - Setting next_dagrun for example_sensors to None, run_after=None
[2024-07-03T12:12:01.545+0200] {processor.py:183} INFO - Processing /usr/local/lib/python3.10/dist-packages/airflow/example_dags/example_sensors.py took 0.242 seconds
[2024-07-03T12:13:19.726+0200] {processor.py:161} INFO - Started process (PID=9709) to work on /usr/local/lib/python3.10/dist-packages/airflow/example_dags/example_sensors.py
[2024-07-03T12:13:19.728+0200] {processor.py:830} INFO - Processing file /usr/local/lib/python3.10/dist-packages/airflow/example_dags/example_sensors.py for tasks to queue
[2024-07-03T12:13:19.731+0200] {logging_mixin.py:188} INFO - [2024-07-03T12:13:19.730+0200] {dagbag.py:545} INFO - Filling up the DagBag from /usr/local/lib/python3.10/dist-packages/airflow/example_dags/example_sensors.py
[2024-07-03T12:13:19.869+0200] {processor.py:840} INFO - DAG(s) 'example_sensors' retrieved from /usr/local/lib/python3.10/dist-packages/airflow/example_dags/example_sensors.py
[2024-07-03T12:13:19.908+0200] {logging_mixin.py:188} INFO - [2024-07-03T12:13:19.907+0200] {dag.py:3096} INFO - Sync 1 DAGs
[2024-07-03T12:13:19.923+0200] {logging_mixin.py:188} INFO - [2024-07-03T12:13:19.923+0200] {dag.py:3954} INFO - Setting next_dagrun for example_sensors to None, run_after=None
[2024-07-03T12:13:20.008+0200] {processor.py:183} INFO - Processing /usr/local/lib/python3.10/dist-packages/airflow/example_dags/example_sensors.py took 0.291 seconds
[2024-07-03T12:14:39.447+0200] {processor.py:161} INFO - Started process (PID=9843) to work on /usr/local/lib/python3.10/dist-packages/airflow/example_dags/example_sensors.py
[2024-07-03T12:14:39.448+0200] {processor.py:830} INFO - Processing file /usr/local/lib/python3.10/dist-packages/airflow/example_dags/example_sensors.py for tasks to queue
[2024-07-03T12:14:39.450+0200] {logging_mixin.py:188} INFO - [2024-07-03T12:14:39.450+0200] {dagbag.py:545} INFO - Filling up the DagBag from /usr/local/lib/python3.10/dist-packages/airflow/example_dags/example_sensors.py
[2024-07-03T12:14:39.459+0200] {processor.py:840} INFO - DAG(s) 'example_sensors' retrieved from /usr/local/lib/python3.10/dist-packages/airflow/example_dags/example_sensors.py
[2024-07-03T12:14:39.491+0200] {logging_mixin.py:188} INFO - [2024-07-03T12:14:39.491+0200] {dag.py:3096} INFO - Sync 1 DAGs
[2024-07-03T12:14:39.506+0200] {logging_mixin.py:188} INFO - [2024-07-03T12:14:39.505+0200] {dag.py:3954} INFO - Setting next_dagrun for example_sensors to None, run_after=None
[2024-07-03T12:14:39.589+0200] {processor.py:183} INFO - Processing /usr/local/lib/python3.10/dist-packages/airflow/example_dags/example_sensors.py took 0.148 seconds
