[2024-07-03T12:10:05.820+0200] {processor.py:161} INFO - Started process (PID=9514) to work on /usr/local/lib/python3.10/dist-packages/airflow/example_dags/tutorial_objectstorage.py
[2024-07-03T12:10:05.821+0200] {processor.py:830} INFO - Processing file /usr/local/lib/python3.10/dist-packages/airflow/example_dags/tutorial_objectstorage.py for tasks to queue
[2024-07-03T12:10:05.825+0200] {logging_mixin.py:188} INFO - [2024-07-03T12:10:05.824+0200] {dagbag.py:545} INFO - Filling up the DagBag from /usr/local/lib/python3.10/dist-packages/airflow/example_dags/tutorial_objectstorage.py
[2024-07-03T12:10:05.838+0200] {processor.py:840} INFO - DAG(s) 'tutorial_objectstorage' retrieved from /usr/local/lib/python3.10/dist-packages/airflow/example_dags/tutorial_objectstorage.py
[2024-07-03T12:10:06.080+0200] {logging_mixin.py:188} INFO - [2024-07-03T12:10:06.079+0200] {override.py:1847} INFO - Created Permission View: can edit on DAG:tutorial_objectstorage
[2024-07-03T12:10:06.163+0200] {logging_mixin.py:188} INFO - [2024-07-03T12:10:06.163+0200] {override.py:1847} INFO - Created Permission View: can delete on DAG:tutorial_objectstorage
[2024-07-03T12:10:06.218+0200] {logging_mixin.py:188} INFO - [2024-07-03T12:10:06.217+0200] {override.py:1847} INFO - Created Permission View: can read on DAG:tutorial_objectstorage
[2024-07-03T12:10:06.219+0200] {logging_mixin.py:188} INFO - [2024-07-03T12:10:06.219+0200] {dag.py:3096} INFO - Sync 1 DAGs
[2024-07-03T12:10:06.260+0200] {logging_mixin.py:188} INFO - [2024-07-03T12:10:06.260+0200] {dag.py:3118} INFO - Creating ORM DAG for tutorial_objectstorage
[2024-07-03T12:10:06.261+0200] {logging_mixin.py:188} INFO - [2024-07-03T12:10:06.261+0200] {dag.py:3954} INFO - Setting next_dagrun for tutorial_objectstorage to None, run_after=None
[2024-07-03T12:10:06.412+0200] {processor.py:183} INFO - Processing /usr/local/lib/python3.10/dist-packages/airflow/example_dags/tutorial_objectstorage.py took 0.602 seconds
[2024-07-03T12:11:32.833+0200] {processor.py:161} INFO - Started process (PID=9566) to work on /usr/local/lib/python3.10/dist-packages/airflow/example_dags/tutorial_objectstorage.py
[2024-07-03T12:11:32.835+0200] {processor.py:830} INFO - Processing file /usr/local/lib/python3.10/dist-packages/airflow/example_dags/tutorial_objectstorage.py for tasks to queue
[2024-07-03T12:11:32.838+0200] {logging_mixin.py:188} INFO - [2024-07-03T12:11:32.837+0200] {dagbag.py:545} INFO - Filling up the DagBag from /usr/local/lib/python3.10/dist-packages/airflow/example_dags/tutorial_objectstorage.py
[2024-07-03T12:11:32.849+0200] {processor.py:840} INFO - DAG(s) 'tutorial_objectstorage' retrieved from /usr/local/lib/python3.10/dist-packages/airflow/example_dags/tutorial_objectstorage.py
[2024-07-03T12:11:32.886+0200] {logging_mixin.py:188} INFO - [2024-07-03T12:11:32.886+0200] {dag.py:3096} INFO - Sync 1 DAGs
[2024-07-03T12:11:32.911+0200] {logging_mixin.py:188} INFO - [2024-07-03T12:11:32.911+0200] {dag.py:3954} INFO - Setting next_dagrun for tutorial_objectstorage to None, run_after=None
[2024-07-03T12:11:33.002+0200] {processor.py:183} INFO - Processing /usr/local/lib/python3.10/dist-packages/airflow/example_dags/tutorial_objectstorage.py took 0.176 seconds
[2024-07-03T12:12:16.246+0200] {processor.py:161} INFO - Started process (PID=9604) to work on /usr/local/lib/python3.10/dist-packages/airflow/example_dags/tutorial_objectstorage.py
[2024-07-03T12:12:16.248+0200] {processor.py:830} INFO - Processing file /usr/local/lib/python3.10/dist-packages/airflow/example_dags/tutorial_objectstorage.py for tasks to queue
[2024-07-03T12:12:16.250+0200] {logging_mixin.py:188} INFO - [2024-07-03T12:12:16.250+0200] {dagbag.py:545} INFO - Filling up the DagBag from /usr/local/lib/python3.10/dist-packages/airflow/example_dags/tutorial_objectstorage.py
[2024-07-03T12:12:16.262+0200] {processor.py:840} INFO - DAG(s) 'tutorial_objectstorage' retrieved from /usr/local/lib/python3.10/dist-packages/airflow/example_dags/tutorial_objectstorage.py
[2024-07-03T12:12:16.300+0200] {logging_mixin.py:188} INFO - [2024-07-03T12:12:16.300+0200] {dag.py:3096} INFO - Sync 1 DAGs
[2024-07-03T12:12:16.332+0200] {logging_mixin.py:188} INFO - [2024-07-03T12:12:16.331+0200] {dag.py:3954} INFO - Setting next_dagrun for tutorial_objectstorage to None, run_after=None
[2024-07-03T12:12:16.439+0200] {processor.py:183} INFO - Processing /usr/local/lib/python3.10/dist-packages/airflow/example_dags/tutorial_objectstorage.py took 0.202 seconds
[2024-07-03T12:12:53.101+0200] {processor.py:161} INFO - Started process (PID=9664) to work on /usr/local/lib/python3.10/dist-packages/airflow/example_dags/tutorial_objectstorage.py
[2024-07-03T12:12:53.103+0200] {processor.py:830} INFO - Processing file /usr/local/lib/python3.10/dist-packages/airflow/example_dags/tutorial_objectstorage.py for tasks to queue
[2024-07-03T12:12:53.105+0200] {logging_mixin.py:188} INFO - [2024-07-03T12:12:53.104+0200] {dagbag.py:545} INFO - Filling up the DagBag from /usr/local/lib/python3.10/dist-packages/airflow/example_dags/tutorial_objectstorage.py
[2024-07-03T12:12:53.112+0200] {processor.py:840} INFO - DAG(s) 'tutorial_objectstorage' retrieved from /usr/local/lib/python3.10/dist-packages/airflow/example_dags/tutorial_objectstorage.py
[2024-07-03T12:12:53.144+0200] {logging_mixin.py:188} INFO - [2024-07-03T12:12:53.143+0200] {dag.py:3096} INFO - Sync 1 DAGs
[2024-07-03T12:12:53.257+0200] {logging_mixin.py:188} INFO - [2024-07-03T12:12:53.257+0200] {dag.py:3954} INFO - Setting next_dagrun for tutorial_objectstorage to None, run_after=None
[2024-07-03T12:12:53.395+0200] {processor.py:183} INFO - Processing /usr/local/lib/python3.10/dist-packages/airflow/example_dags/tutorial_objectstorage.py took 0.301 seconds
[2024-07-03T12:13:36.915+0200] {processor.py:161} INFO - Started process (PID=9735) to work on /usr/local/lib/python3.10/dist-packages/airflow/example_dags/tutorial_objectstorage.py
[2024-07-03T12:13:36.916+0200] {processor.py:830} INFO - Processing file /usr/local/lib/python3.10/dist-packages/airflow/example_dags/tutorial_objectstorage.py for tasks to queue
[2024-07-03T12:13:36.919+0200] {logging_mixin.py:188} INFO - [2024-07-03T12:13:36.918+0200] {dagbag.py:545} INFO - Filling up the DagBag from /usr/local/lib/python3.10/dist-packages/airflow/example_dags/tutorial_objectstorage.py
[2024-07-03T12:13:36.926+0200] {processor.py:840} INFO - DAG(s) 'tutorial_objectstorage' retrieved from /usr/local/lib/python3.10/dist-packages/airflow/example_dags/tutorial_objectstorage.py
[2024-07-03T12:13:36.952+0200] {logging_mixin.py:188} INFO - [2024-07-03T12:13:36.952+0200] {dag.py:3096} INFO - Sync 1 DAGs
[2024-07-03T12:13:36.967+0200] {logging_mixin.py:188} INFO - [2024-07-03T12:13:36.967+0200] {dag.py:3954} INFO - Setting next_dagrun for tutorial_objectstorage to None, run_after=None
[2024-07-03T12:13:37.044+0200] {processor.py:183} INFO - Processing /usr/local/lib/python3.10/dist-packages/airflow/example_dags/tutorial_objectstorage.py took 0.135 seconds
[2024-07-03T12:14:18.915+0200] {processor.py:161} INFO - Started process (PID=9805) to work on /usr/local/lib/python3.10/dist-packages/airflow/example_dags/tutorial_objectstorage.py
[2024-07-03T12:14:18.917+0200] {processor.py:830} INFO - Processing file /usr/local/lib/python3.10/dist-packages/airflow/example_dags/tutorial_objectstorage.py for tasks to queue
[2024-07-03T12:14:18.919+0200] {logging_mixin.py:188} INFO - [2024-07-03T12:14:18.919+0200] {dagbag.py:545} INFO - Filling up the DagBag from /usr/local/lib/python3.10/dist-packages/airflow/example_dags/tutorial_objectstorage.py
[2024-07-03T12:14:18.929+0200] {processor.py:840} INFO - DAG(s) 'tutorial_objectstorage' retrieved from /usr/local/lib/python3.10/dist-packages/airflow/example_dags/tutorial_objectstorage.py
[2024-07-03T12:14:18.980+0200] {logging_mixin.py:188} INFO - [2024-07-03T12:14:18.980+0200] {dag.py:3096} INFO - Sync 1 DAGs
[2024-07-03T12:14:19.006+0200] {logging_mixin.py:188} INFO - [2024-07-03T12:14:19.005+0200] {dag.py:3954} INFO - Setting next_dagrun for tutorial_objectstorage to None, run_after=None
[2024-07-03T12:14:19.127+0200] {processor.py:183} INFO - Processing /usr/local/lib/python3.10/dist-packages/airflow/example_dags/tutorial_objectstorage.py took 0.220 seconds
[2024-07-03T12:14:55.472+0200] {processor.py:161} INFO - Started process (PID=9872) to work on /usr/local/lib/python3.10/dist-packages/airflow/example_dags/tutorial_objectstorage.py
[2024-07-03T12:14:55.473+0200] {processor.py:830} INFO - Processing file /usr/local/lib/python3.10/dist-packages/airflow/example_dags/tutorial_objectstorage.py for tasks to queue
[2024-07-03T12:14:55.476+0200] {logging_mixin.py:188} INFO - [2024-07-03T12:14:55.475+0200] {dagbag.py:545} INFO - Filling up the DagBag from /usr/local/lib/python3.10/dist-packages/airflow/example_dags/tutorial_objectstorage.py
[2024-07-03T12:14:55.487+0200] {processor.py:840} INFO - DAG(s) 'tutorial_objectstorage' retrieved from /usr/local/lib/python3.10/dist-packages/airflow/example_dags/tutorial_objectstorage.py
[2024-07-03T12:14:55.521+0200] {logging_mixin.py:188} INFO - [2024-07-03T12:14:55.521+0200] {dag.py:3096} INFO - Sync 1 DAGs
[2024-07-03T12:14:55.537+0200] {logging_mixin.py:188} INFO - [2024-07-03T12:14:55.537+0200] {dag.py:3954} INFO - Setting next_dagrun for tutorial_objectstorage to None, run_after=None
[2024-07-03T12:14:55.613+0200] {processor.py:183} INFO - Processing /usr/local/lib/python3.10/dist-packages/airflow/example_dags/tutorial_objectstorage.py took 0.149 seconds
