[2024-07-03T12:10:14.503+0200] {processor.py:161} INFO - Started process (PID=9520) to work on /usr/local/lib/python3.10/dist-packages/airflow/example_dags/plugins/decreasing_priority_weight_strategy.py
[2024-07-03T12:10:14.505+0200] {processor.py:830} INFO - Processing file /usr/local/lib/python3.10/dist-packages/airflow/example_dags/plugins/decreasing_priority_weight_strategy.py for tasks to queue
[2024-07-03T12:10:14.507+0200] {logging_mixin.py:188} INFO - [2024-07-03T12:10:14.507+0200] {dagbag.py:545} INFO - Filling up the DagBag from /usr/local/lib/python3.10/dist-packages/airflow/example_dags/plugins/decreasing_priority_weight_strategy.py
[2024-07-03T12:10:14.512+0200] {processor.py:842} WARNING - No viable dags retrieved from /usr/local/lib/python3.10/dist-packages/airflow/example_dags/plugins/decreasing_priority_weight_strategy.py
[2024-07-03T12:10:14.587+0200] {processor.py:183} INFO - Processing /usr/local/lib/python3.10/dist-packages/airflow/example_dags/plugins/decreasing_priority_weight_strategy.py took 0.090 seconds
[2024-07-03T12:11:40.268+0200] {processor.py:161} INFO - Started process (PID=9574) to work on /usr/local/lib/python3.10/dist-packages/airflow/example_dags/plugins/decreasing_priority_weight_strategy.py
[2024-07-03T12:11:40.269+0200] {processor.py:830} INFO - Processing file /usr/local/lib/python3.10/dist-packages/airflow/example_dags/plugins/decreasing_priority_weight_strategy.py for tasks to queue
[2024-07-03T12:11:40.271+0200] {logging_mixin.py:188} INFO - [2024-07-03T12:11:40.271+0200] {dagbag.py:545} INFO - Filling up the DagBag from /usr/local/lib/python3.10/dist-packages/airflow/example_dags/plugins/decreasing_priority_weight_strategy.py
[2024-07-03T12:11:40.274+0200] {processor.py:842} WARNING - No viable dags retrieved from /usr/local/lib/python3.10/dist-packages/airflow/example_dags/plugins/decreasing_priority_weight_strategy.py
[2024-07-03T12:11:40.296+0200] {processor.py:183} INFO - Processing /usr/local/lib/python3.10/dist-packages/airflow/example_dags/plugins/decreasing_priority_weight_strategy.py took 0.035 seconds
[2024-07-03T12:12:23.617+0200] {processor.py:161} INFO - Started process (PID=9611) to work on /usr/local/lib/python3.10/dist-packages/airflow/example_dags/plugins/decreasing_priority_weight_strategy.py
[2024-07-03T12:12:23.621+0200] {processor.py:830} INFO - Processing file /usr/local/lib/python3.10/dist-packages/airflow/example_dags/plugins/decreasing_priority_weight_strategy.py for tasks to queue
[2024-07-03T12:12:23.625+0200] {logging_mixin.py:188} INFO - [2024-07-03T12:12:23.625+0200] {dagbag.py:545} INFO - Filling up the DagBag from /usr/local/lib/python3.10/dist-packages/airflow/example_dags/plugins/decreasing_priority_weight_strategy.py
[2024-07-03T12:12:23.631+0200] {processor.py:842} WARNING - No viable dags retrieved from /usr/local/lib/python3.10/dist-packages/airflow/example_dags/plugins/decreasing_priority_weight_strategy.py
[2024-07-03T12:12:23.687+0200] {processor.py:183} INFO - Processing /usr/local/lib/python3.10/dist-packages/airflow/example_dags/plugins/decreasing_priority_weight_strategy.py took 0.087 seconds
[2024-07-03T12:13:44.921+0200] {processor.py:161} INFO - Started process (PID=9747) to work on /usr/local/lib/python3.10/dist-packages/airflow/example_dags/plugins/decreasing_priority_weight_strategy.py
[2024-07-03T12:13:44.923+0200] {processor.py:830} INFO - Processing file /usr/local/lib/python3.10/dist-packages/airflow/example_dags/plugins/decreasing_priority_weight_strategy.py for tasks to queue
[2024-07-03T12:13:44.926+0200] {logging_mixin.py:188} INFO - [2024-07-03T12:13:44.926+0200] {dagbag.py:545} INFO - Filling up the DagBag from /usr/local/lib/python3.10/dist-packages/airflow/example_dags/plugins/decreasing_priority_weight_strategy.py
[2024-07-03T12:13:44.929+0200] {processor.py:842} WARNING - No viable dags retrieved from /usr/local/lib/python3.10/dist-packages/airflow/example_dags/plugins/decreasing_priority_weight_strategy.py
[2024-07-03T12:13:44.966+0200] {processor.py:183} INFO - Processing /usr/local/lib/python3.10/dist-packages/airflow/example_dags/plugins/decreasing_priority_weight_strategy.py took 0.054 seconds
[2024-07-03T12:14:26.356+0200] {processor.py:161} INFO - Started process (PID=9818) to work on /usr/local/lib/python3.10/dist-packages/airflow/example_dags/plugins/decreasing_priority_weight_strategy.py
[2024-07-03T12:14:26.358+0200] {processor.py:830} INFO - Processing file /usr/local/lib/python3.10/dist-packages/airflow/example_dags/plugins/decreasing_priority_weight_strategy.py for tasks to queue
[2024-07-03T12:14:26.360+0200] {logging_mixin.py:188} INFO - [2024-07-03T12:14:26.360+0200] {dagbag.py:545} INFO - Filling up the DagBag from /usr/local/lib/python3.10/dist-packages/airflow/example_dags/plugins/decreasing_priority_weight_strategy.py
[2024-07-03T12:14:26.363+0200] {processor.py:842} WARNING - No viable dags retrieved from /usr/local/lib/python3.10/dist-packages/airflow/example_dags/plugins/decreasing_priority_weight_strategy.py
[2024-07-03T12:14:26.386+0200] {processor.py:183} INFO - Processing /usr/local/lib/python3.10/dist-packages/airflow/example_dags/plugins/decreasing_priority_weight_strategy.py took 0.036 seconds
